[35m[Appium][39m Welcome to Appium v1.20.2
[35m[Appium][39m Non-default server args:
[35m[Appium][39m   port: 64148
[35m[Appium][39m   loglevel: info
[35m[Appium][39m   tmpDir: C:\Users\user\AppData\Local\Temp\\Katalon\Appium\Temp1635859257605
[35m[Appium][39m   chromedriverPort: 64149
[35m[Appium][39m Deprecated server args:
[35m[Appium][39m   [31m--chromedriver-port[39m => --default-capabilities
[35m[Appium][39m Default capabilities, which will be added to each request unless overridden by desired capabilities:
[35m[Appium][39m   chromedriverPort: 64149
[35m[Appium][39m Appium REST http interface listener started on 0.0.0.0:64148
[35m[HTTP][39m [37m-->[39m [37mGET[39m [37m/wd/hub/status[39m
[35m[HTTP][39m [90m{}[39m
[35m[HTTP][39m [37m<-- GET /wd/hub/status [39m[32m200[39m [90m7 ms - 68[39m
[35m[HTTP][39m [90m[39m
[35m[HTTP][39m [37m-->[39m [37mPOST[39m [37m/wd/hub/session[39m
[35m[HTTP][39m [90m{"desiredCapabilities":{"app":"C:\\Users\\user\\Desktop\\carbon\\carbon_ng-v6.7.1_signed.apk","noReset":false,"deviceId":"","deviceName":"TECNO MOBILE LIMITED TECNO KD7 (Android 10)","fullReset":true,"platform":"ANDROID","newCommandTimeout":1800,"platformVersion":"10","automationName":"UiAutomator2","autoGrantPermissions":true,"platformName":"Android","udid":"060403712G006230","systemPort":64147},"capabilities":{"firstMatch":[{"appium:app":"C:\\Users\\user\\Desktop\\carbon\\carbon_ng-v6.7.1_signed.apk","appium:autoGrantPermissions":true,"appium:automationName":"UiAutomator2","deviceId":"","appium:deviceName":"TECNO MOBILE LIMITED TECNO KD7 (Android 10)","appium:fullReset":true,"appium:newCommandTimeout":1800,"appium:noReset":false,"platform":"ANDROID","platformName":"android","appium:platformVersion":"10","appium:systemPort":64147,"appium:udid":"060403712G006230"}]}}[39m
[35m[BaseDriver][39m The following capabilities are not standard capabilities and should have an extension prefix:
[35m[BaseDriver][39m   deviceId
[35m[BaseDriver][39m   platform
[35m[BaseDriver][39m   chromedriverPort
[35m[Appium][39m Appium v1.20.2 creating new AndroidUiautomator2Driver (v1.61.2) session
[35m[BaseDriver][39m The following capabilities were provided, but are not recognized by Appium:
[35m[BaseDriver][39m   deviceId
[35m[BaseDriver][39m   platform
[35m[BaseDriver][39m Session created with session id: f8739b60-e523-4f35-b58b-8b6634e6ad54
[35m[BaseDriver][39m Using local app 'C:\Users\user\Desktop\carbon\carbon_ng-v6.7.1_signed.apk'
[35m[ADB][39m Found 1 'build-tools' folders under 'C:\Users\user\.katalon\tools\android_sdk' (newest first):
[35m[ADB][39m     C:/Users/user/.katalon/tools/android_sdk/build-tools/29.0.3
[35m[ADB][39m Using 'adb.exe' from 'C:\Users\user\.katalon\tools\android_sdk\platform-tools\adb.exe'
[35m[AndroidDriver][39m Retrieving device list
[35m[AndroidDriver][39m Using device: 060403712G006230
[35m[ADB][39m Using 'adb.exe' from 'C:\Users\user\.katalon\tools\android_sdk\platform-tools\adb.exe'
[35m[ADB][39m Getting device platform version
[35m[UiAutomator2][39m Relaxing hidden api policy
[35m[ADB][39m Package name: 'com.lenddo.mobile.paylater.staging'
[35m[ADB][39m Main activity name: 'com.lenddo.mobile.paylater.home.activity.SplashScreenActivity'
[35m[ADB][39m Using 'apksigner.jar' from 'C:\Users\user\.katalon\tools\android_sdk\build-tools\29.0.3\lib\apksigner.jar'
[35m[ADB][39m 'C:\Users\user\AppData\Roaming\npm\node_modules\appium\node_modules\appium-uiautomator2-server\apks\appium-uiautomator2-server-v4.17.4.apk' is signed with the default certificate
[35m[ADB][39m 'C:\Users\user\AppData\Roaming\npm\node_modules\appium\node_modules\appium-uiautomator2-server\apks\appium-uiautomator2-server-debug-androidTest.apk' is signed with the default certificate
[35m[UiAutomator2][39m Server packages are not going to be (re)installed
[35m[ADB][39m Adding packages ["io.appium.settings","io.appium.uiautomator2.server","io.appium.uiautomator2.server.test"] to Doze whitelist
[35m[ADB][39m 'C:\Users\user\Desktop\carbon\carbon_ng-v6.7.1_signed.apk' is signed with a non-default certificate
[35m[ADB][39m com.lenddo.mobile.paylater.staging was not uninstalled, because it was not present on the device
[35m[ADB][39m The application at 'C:\Users\user\Desktop\carbon\carbon_ng-v6.7.1_signed.apk' will not be cached, because the device under test has confirmed the support of streamed installs
[35m[ADB][39m The installation of 'carbon_ng-v6.7.1_signed.apk' took 4069ms
[35m[UiAutomator2][39m Starting UIAutomator2 server 4.17.4
[35m[UiAutomator2][39m Using UIAutomator2 server from 'C:\Users\user\AppData\Roaming\npm\node_modules\appium\node_modules\appium-uiautomator2-server\apks\appium-uiautomator2-server-v4.17.4.apk' and test from 'C:\Users\user\AppData\Roaming\npm\node_modules\appium\node_modules\appium-uiautomator2-server\apks\appium-uiautomator2-server-debug-androidTest.apk'
[35m[UiAutomator2][39m Waiting up to 30000ms for UiAutomator2 to be online...
[35m[WD Proxy][39m socket hang up
[35m[WD Proxy][39m socket hang up
[35m[WD Proxy][39m socket hang up
[35m[WD Proxy][39m socket hang up
[35m[WD Proxy][39m socket hang up
[35m[WD Proxy][39m Determined the downstream protocol as 'W3C'
[35m[AndroidDriver][39m Screen already unlocked, doing nothing
[35m[UiAutomator2][39m Starting 'com.lenddo.mobile.paylater.staging/com.lenddo.mobile.paylater.home.activity.SplashScreenActivity and waiting for 'com.lenddo.mobile.paylater.staging/com.lenddo.mobile.paylater.home.activity.SplashScreenActivity'
[35m[Appium][39m New AndroidUiautomator2Driver session created successfully, session f8739b60-e523-4f35-b58b-8b6634e6ad54 added to master session list
[35m[HTTP][39m [37m<-- POST /wd/hub/session [39m[32m200[39m [90m22435 ms - 1362[39m
[35m[HTTP][39m [90m[39m
[35m[HTTP][39m [37m-->[39m [37mGET[39m [37m/wd/hub/session/f8739b60-e523-4f35-b58b-8b6634e6ad54[39m
[35m[HTTP][39m [90m{}[39m
[35m[HTTP][39m [37m<-- GET /wd/hub/session/f8739b60-e523-4f35-b58b-8b6634e6ad54 [39m[32m200[39m [90m32 ms - 1316[39m
[35m[HTTP][39m [90m[39m
[35m[HTTP][39m [37m-->[39m [37mGET[39m [37m/wd/hub/session/f8739b60-e523-4f35-b58b-8b6634e6ad54[39m
[35m[HTTP][39m [90m{}[39m
[35m[HTTP][39m [37m<-- GET /wd/hub/session/f8739b60-e523-4f35-b58b-8b6634e6ad54 [39m[32m200[39m [90m21 ms - 1316[39m
[35m[HTTP][39m [90m[39m
[35m[HTTP][39m [37m-->[39m [37mGET[39m [37m/wd/hub/status[39m
[35m[HTTP][39m [90m{}[39m
[35m[HTTP][39m [37m<-- GET /wd/hub/status [39m[32m200[39m [90m1 ms - 68[39m
[35m[HTTP][39m [90m[39m
[35m[HTTP][39m [37m-->[39m [37mPOST[39m [37m/wd/hub/session/f8739b60-e523-4f35-b58b-8b6634e6ad54/timeouts[39m
[35m[HTTP][39m [90m{"implicit":30000}[39m
[35m[HTTP][39m [37m<-- POST /wd/hub/session/f8739b60-e523-4f35-b58b-8b6634e6ad54/timeouts [39m[32m200[39m [90m4 ms - 14[39m
[35m[HTTP][39m [90m[39m
[35m[HTTP][39m [37m-->[39m [37mGET[39m [37m/wd/hub/session/f8739b60-e523-4f35-b58b-8b6634e6ad54/screenshot[39m
[35m[HTTP][39m [90m{}[39m
[35m[HTTP][39m [37m<-- GET /wd/hub/session/f8739b60-e523-4f35-b58b-8b6634e6ad54/screenshot [39m[32m200[39m [90m831 ms - 33006[39m
[35m[HTTP][39m [90m[39m
[35m[HTTP][39m [37m-->[39m [37mGET[39m [37m/wd/hub/session/f8739b60-e523-4f35-b58b-8b6634e6ad54/window/rect[39m
[35m[HTTP][39m [90m{}[39m
[35m[HTTP][39m [37m<-- GET /wd/hub/session/f8739b60-e523-4f35-b58b-8b6634e6ad54/window/rect [39m[32m200[39m [90m34 ms - 49[39m
[35m[HTTP][39m [90m[39m
[35m[HTTP][39m [37m-->[39m [37mGET[39m [37m/wd/hub/session/f8739b60-e523-4f35-b58b-8b6634e6ad54/appium/device/system_bars[39m
[35m[HTTP][39m [90m{}[39m
[35m[HTTP][39m [37m<-- GET /wd/hub/session/f8739b60-e523-4f35-b58b-8b6634e6ad54/appium/device/system_bars [39m[32m200[39m [90m164 ms - 145[39m
[35m[HTTP][39m [90m[39m
[35m[HTTP][39m [37m-->[39m [37mPOST[39m [37m/wd/hub/session/f8739b60-e523-4f35-b58b-8b6634e6ad54/timeouts[39m
[35m[HTTP][39m [90m{"implicit":50}[39m
[35m[HTTP][39m [37m<-- POST /wd/hub/session/f8739b60-e523-4f35-b58b-8b6634e6ad54/timeouts [39m[32m200[39m [90m3 ms - 14[39m
[35m[HTTP][39m [90m[39m
[35m[HTTP][39m [37m-->[39m [37mGET[39m [37m/wd/hub/session/f8739b60-e523-4f35-b58b-8b6634e6ad54/window/rect[39m
[35m[HTTP][39m [90m{}[39m
[35m[HTTP][39m [37m<-- GET /wd/hub/session/f8739b60-e523-4f35-b58b-8b6634e6ad54/window/rect [39m[32m200[39m [90m28 ms - 49[39m
[35m[HTTP][39m [90m[39m
[35m[HTTP][39m [37m-->[39m [37mPOST[39m [37m/wd/hub/session/f8739b60-e523-4f35-b58b-8b6634e6ad54/elements[39m
[35m[HTTP][39m [90m{"using":"xpath","value":"//*[@class = 'android.widget.Button' and (@text = 'Skip' or . = 'Skip') and @resource-id = 'com.lenddo.mobile.paylater.staging:id/tutorial_skip']"}[39m
[35m[HTTP][39m [37m<-- POST /wd/hub/session/f8739b60-e523-4f35-b58b-8b6634e6ad54/elements [39m[32m200[39m [90m213 ms - 12[39m
[35m[HTTP][39m [90m[39m
[35m[HTTP][39m [37m-->[39m [37mPOST[39m [37m/wd/hub/session/f8739b60-e523-4f35-b58b-8b6634e6ad54/elements[39m
[35m[HTTP][39m [90m{"using":"xpath","value":"//*[@class = 'android.widget.Button' and (@text = 'Skip' or . = 'Skip') and @resource-id = 'com.lenddo.mobile.paylater.staging:id/tutorial_skip']"}[39m
[35m[HTTP][39m [37m<-- POST /wd/hub/session/f8739b60-e523-4f35-b58b-8b6634e6ad54/elements [39m[32m200[39m [90m83 ms - 12[39m
[35m[HTTP][39m [90m[39m
[35m[HTTP][39m [37m-->[39m [37mPOST[39m [37m/wd/hub/session/f8739b60-e523-4f35-b58b-8b6634e6ad54/elements[39m
[35m[HTTP][39m [90m{"using":"xpath","value":"//*[@class = 'android.widget.Button' and (@text = 'Skip' or . = 'Skip') and @resource-id = 'com.lenddo.mobile.paylater.staging:id/tutorial_skip']"}[39m
[35m[HTTP][39m [37m<-- POST /wd/hub/session/f8739b60-e523-4f35-b58b-8b6634e6ad54/elements [39m[32m200[39m [90m78 ms - 12[39m
[35m[HTTP][39m [90m[39m
[35m[HTTP][39m [37m-->[39m [37mPOST[39m [37m/wd/hub/session/f8739b60-e523-4f35-b58b-8b6634e6ad54/elements[39m
[35m[HTTP][39m [90m{"using":"xpath","value":"//*[@class = 'android.widget.Button' and (@text = 'Skip' or . = 'Skip') and @resource-id = 'com.lenddo.mobile.paylater.staging:id/tutorial_skip']"}[39m
[35m[HTTP][39m [37m<-- POST /wd/hub/session/f8739b60-e523-4f35-b58b-8b6634e6ad54/elements [39m[32m200[39m [90m76 ms - 12[39m
[35m[HTTP][39m [90m[39m
[35m[HTTP][39m [37m-->[39m [37mPOST[39m [37m/wd/hub/session/f8739b60-e523-4f35-b58b-8b6634e6ad54/elements[39m
[35m[HTTP][39m [90m{"using":"xpath","value":"//*[@class = 'android.widget.Button' and (@text = 'Skip' or . = 'Skip') and @resource-id = 'com.lenddo.mobile.paylater.staging:id/tutorial_skip']"}[39m
[35m[HTTP][39m [37m<-- POST /wd/hub/session/f8739b60-e523-4f35-b58b-8b6634e6ad54/elements [39m[32m200[39m [90m76 ms - 12[39m
[35m[HTTP][39m [90m[39m
[35m[HTTP][39m [37m-->[39m [37mPOST[39m [37m/wd/hub/session/f8739b60-e523-4f35-b58b-8b6634e6ad54/elements[39m
[35m[HTTP][39m [90m{"using":"xpath","value":"//*[@class = 'android.widget.Button' and (@text = 'Skip' or . = 'Skip') and @resource-id = 'com.lenddo.mobile.paylater.staging:id/tutorial_skip']"}[39m
[35m[HTTP][39m [37m<-- POST /wd/hub/session/f8739b60-e523-4f35-b58b-8b6634e6ad54/elements [39m[32m200[39m [90m74 ms - 12[39m
[35m[HTTP][39m [90m[39m
[35m[HTTP][39m [37m-->[39m [37mPOST[39m [37m/wd/hub/session/f8739b60-e523-4f35-b58b-8b6634e6ad54/elements[39m
[35m[HTTP][39m [90m{"using":"xpath","value":"//*[@class = 'android.widget.Button' and (@text = 'Skip' or . = 'Skip') and @resource-id = 'com.lenddo.mobile.paylater.staging:id/tutorial_skip']"}[39m
[35m[HTTP][39m [37m<-- POST /wd/hub/session/f8739b60-e523-4f35-b58b-8b6634e6ad54/elements [39m[32m200[39m [90m76 ms - 12[39m
[35m[HTTP][39m [90m[39m
[35m[HTTP][39m [37m-->[39m [37mPOST[39m [37m/wd/hub/session/f8739b60-e523-4f35-b58b-8b6634e6ad54/elements[39m
[35m[HTTP][39m [90m{"using":"xpath","value":"//*[@class = 'android.widget.Button' and (@text = 'Skip' or . = 'Skip') and @resource-id = 'com.lenddo.mobile.paylater.staging:id/tutorial_skip']"}[39m
[35m[HTTP][39m [37m<-- POST /wd/hub/session/f8739b60-e523-4f35-b58b-8b6634e6ad54/elements [39m[32m200[39m [90m67 ms - 12[39m
[35m[HTTP][39m [90m[39m
[35m[HTTP][39m [37m-->[39m [37mPOST[39m [37m/wd/hub/session/f8739b60-e523-4f35-b58b-8b6634e6ad54/elements[39m
[35m[HTTP][39m [90m{"using":"xpath","value":"//*[@class = 'android.widget.Button' and (@text = 'Skip' or . = 'Skip') and @resource-id = 'com.lenddo.mobile.paylater.staging:id/tutorial_skip']"}[39m
[35m[HTTP][39m [37m<-- POST /wd/hub/session/f8739b60-e523-4f35-b58b-8b6634e6ad54/elements [39m[32m200[39m [90m62 ms - 12[39m
[35m[HTTP][39m [90m[39m
[35m[HTTP][39m [37m-->[39m [37mPOST[39m [37m/wd/hub/session/f8739b60-e523-4f35-b58b-8b6634e6ad54/elements[39m
[35m[HTTP][39m [90m{"using":"xpath","value":"//*[@class = 'android.widget.Button' and (@text = 'Skip' or . = 'Skip') and @resource-id = 'com.lenddo.mobile.paylater.staging:id/tutorial_skip']"}[39m
[35m[HTTP][39m [37m<-- POST /wd/hub/session/f8739b60-e523-4f35-b58b-8b6634e6ad54/elements [39m[32m200[39m [90m63 ms - 12[39m
[35m[HTTP][39m [90m[39m
[35m[HTTP][39m [37m-->[39m [37mPOST[39m [37m/wd/hub/session/f8739b60-e523-4f35-b58b-8b6634e6ad54/elements[39m
[35m[HTTP][39m [90m{"using":"xpath","value":"//*[@class = 'android.widget.Button' and (@text = 'Skip' or . = 'Skip') and @resource-id = 'com.lenddo.mobile.paylater.staging:id/tutorial_skip']"}[39m
[35m[HTTP][39m [37m<-- POST /wd/hub/session/f8739b60-e523-4f35-b58b-8b6634e6ad54/elements [39m[32m200[39m [90m60 ms - 12[39m
[35m[HTTP][39m [90m[39m
[35m[HTTP][39m [37m-->[39m [37mPOST[39m [37m/wd/hub/session/f8739b60-e523-4f35-b58b-8b6634e6ad54/elements[39m
[35m[HTTP][39m [90m{"using":"xpath","value":"//*[@class = 'android.widget.Button' and (@text = 'Skip' or . = 'Skip') and @resource-id = 'com.lenddo.mobile.paylater.staging:id/tutorial_skip']"}[39m
[35m[HTTP][39m [37m<-- POST /wd/hub/session/f8739b60-e523-4f35-b58b-8b6634e6ad54/elements [39m[32m200[39m [90m77 ms - 12[39m
[35m[HTTP][39m [90m[39m
[35m[HTTP][39m [37m-->[39m [37mPOST[39m [37m/wd/hub/session/f8739b60-e523-4f35-b58b-8b6634e6ad54/elements[39m
[35m[HTTP][39m [90m{"using":"xpath","value":"//*[@class = 'android.widget.Button' and (@text = 'Skip' or . = 'Skip') and @resource-id = 'com.lenddo.mobile.paylater.staging:id/tutorial_skip']"}[39m
[35m[HTTP][39m [37m<-- POST /wd/hub/session/f8739b60-e523-4f35-b58b-8b6634e6ad54/elements [39m[32m200[39m [90m75 ms - 12[39m
[35m[HTTP][39m [90m[39m
[35m[HTTP][39m [37m-->[39m [37mPOST[39m [37m/wd/hub/session/f8739b60-e523-4f35-b58b-8b6634e6ad54/elements[39m
[35m[HTTP][39m [90m{"using":"xpath","value":"//*[@class = 'android.widget.Button' and (@text = 'Skip' or . = 'Skip') and @resource-id = 'com.lenddo.mobile.paylater.staging:id/tutorial_skip']"}[39m
[35m[HTTP][39m [37m<-- POST /wd/hub/session/f8739b60-e523-4f35-b58b-8b6634e6ad54/elements [39m[32m200[39m [90m63 ms - 12[39m
[35m[HTTP][39m [90m[39m
[35m[HTTP][39m [37m-->[39m [37mPOST[39m [37m/wd/hub/session/f8739b60-e523-4f35-b58b-8b6634e6ad54/elements[39m
[35m[HTTP][39m [90m{"using":"xpath","value":"//*[@class = 'android.widget.Button' and (@text = 'Skip' or . = 'Skip') and @resource-id = 'com.lenddo.mobile.paylater.staging:id/tutorial_skip']"}[39m
[35m[HTTP][39m [37m<-- POST /wd/hub/session/f8739b60-e523-4f35-b58b-8b6634e6ad54/elements [39m[32m200[39m [90m605 ms - 12[39m
[35m[HTTP][39m [90m[39m
[35m[HTTP][39m [37m-->[39m [37mPOST[39m [37m/wd/hub/session/f8739b60-e523-4f35-b58b-8b6634e6ad54/elements[39m
[35m[HTTP][39m [90m{"using":"xpath","value":"//*[@class = 'android.widget.Button' and (@text = 'Skip' or . = 'Skip') and @resource-id = 'com.lenddo.mobile.paylater.staging:id/tutorial_skip']"}[39m
[35m[HTTP][39m [37m<-- POST /wd/hub/session/f8739b60-e523-4f35-b58b-8b6634e6ad54/elements [39m[32m200[39m [90m624 ms - 12[39m
[35m[HTTP][39m [90m[39m
[35m[HTTP][39m [37m-->[39m [37mPOST[39m [37m/wd/hub/session/f8739b60-e523-4f35-b58b-8b6634e6ad54/elements[39m
[35m[HTTP][39m [90m{"using":"xpath","value":"//*[@class = 'android.widget.Button' and (@text = 'Skip' or . = 'Skip') and @resource-id = 'com.lenddo.mobile.paylater.staging:id/tutorial_skip']"}[39m
[35m[HTTP][39m [37m<-- POST /wd/hub/session/f8739b60-e523-4f35-b58b-8b6634e6ad54/elements [39m[32m200[39m [90m524 ms - 139[39m
[35m[HTTP][39m [90m[39m
[35m[HTTP][39m [37m-->[39m [37mGET[39m [37m/wd/hub/session/f8739b60-e523-4f35-b58b-8b6634e6ad54/element/be229bba-de46-4228-add9-42f13fc1e0ad/location[39m
[35m[HTTP][39m [90m{}[39m
[35m[W3C (f8739b60)][39m Driver proxy active, passing request on via HTTP proxy
[35m[WD Proxy][39m Replacing sessionId 2b84704b-0934-4702-ba1d-b633afa9ea33 with f8739b60-e523-4f35-b58b-8b6634e6ad54
[35m[HTTP][39m [37m<-- GET /wd/hub/session/f8739b60-e523-4f35-b58b-8b6634e6ad54/element/be229bba-de46-4228-add9-42f13fc1e0ad/location [39m[32m200[39m [90m39 ms - 78[39m
[35m[HTTP][39m [90m[39m
[35m[HTTP][39m [37m-->[39m [37mPOST[39m [37m/wd/hub/session/f8739b60-e523-4f35-b58b-8b6634e6ad54/timeouts[39m
[35m[HTTP][39m [90m{"implicit":30000}[39m
[35m[HTTP][39m [37m<-- POST /wd/hub/session/f8739b60-e523-4f35-b58b-8b6634e6ad54/timeouts [39m[32m200[39m [90m1 ms - 14[39m
[35m[HTTP][39m [90m[39m
[35m[HTTP][39m [37m-->[39m [37mPOST[39m [37m/wd/hub/session/f8739b60-e523-4f35-b58b-8b6634e6ad54/touch/perform[39m
[35m[HTTP][39m [90m{"actions":[{"action":"tap","options":{"x":1,"y":1,"element":"be229bba-de46-4228-add9-42f13fc1e0ad"}},{"action":"release","options":{}}]}[39m
[35m[UiAutomator2][39m calling get location: be229bba-de46-4228-add9-42f13fc1e0ad
[35m[HTTP][39m [37m<-- POST /wd/hub/session/f8739b60-e523-4f35-b58b-8b6634e6ad54/touch/perform [39m[32m200[39m [90m240 ms - 14[39m
[35m[HTTP][39m [90m[39m
[35m[HTTP][39m [37m-->[39m [37mPOST[39m [37m/wd/hub/session/f8739b60-e523-4f35-b58b-8b6634e6ad54/timeouts[39m
[35m[HTTP][39m [90m{"implicit":50}[39m
[35m[HTTP][39m [37m<-- POST /wd/hub/session/f8739b60-e523-4f35-b58b-8b6634e6ad54/timeouts [39m[32m200[39m [90m2 ms - 14[39m
[35m[HTTP][39m [90m[39m
[35m[HTTP][39m [37m-->[39m [37mGET[39m [37m/wd/hub/session/f8739b60-e523-4f35-b58b-8b6634e6ad54/window/rect[39m
[35m[HTTP][39m [90m{}[39m
[35m[HTTP][39m [37m<-- GET /wd/hub/session/f8739b60-e523-4f35-b58b-8b6634e6ad54/window/rect [39m[32m200[39m [90m23 ms - 49[39m
[35m[HTTP][39m [90m[39m
[35m[HTTP][39m [37m-->[39m [37mPOST[39m [37m/wd/hub/session/f8739b60-e523-4f35-b58b-8b6634e6ad54/elements[39m
[35m[HTTP][39m [90m{"using":"xpath","value":"//*[@class = 'android.widget.Button' and (@text = 'Sign In' or . = 'Sign In') and @resource-id = 'com.lenddo.mobile.paylater.staging:id/user_type_existing']"}[39m
[35m[HTTP][39m [37m<-- POST /wd/hub/session/f8739b60-e523-4f35-b58b-8b6634e6ad54/elements [39m[32m200[39m [90m1252 ms - 12[39m
[35m[HTTP][39m [90m[39m
[35m[HTTP][39m [37m-->[39m [37mPOST[39m [37m/wd/hub/session/f8739b60-e523-4f35-b58b-8b6634e6ad54/elements[39m
[35m[HTTP][39m [90m{"using":"xpath","value":"//*[@class = 'android.widget.Button' and (@text = 'Sign In' or . = 'Sign In') and @resource-id = 'com.lenddo.mobile.paylater.staging:id/user_type_existing']"}[39m
[35m[HTTP][39m [37m<-- POST /wd/hub/session/f8739b60-e523-4f35-b58b-8b6634e6ad54/elements [39m[32m200[39m [90m89 ms - 12[39m
[35m[HTTP][39m [90m[39m
[35m[HTTP][39m [37m-->[39m [37mPOST[39m [37m/wd/hub/session/f8739b60-e523-4f35-b58b-8b6634e6ad54/elements[39m
[35m[HTTP][39m [90m{"using":"xpath","value":"//*[@class = 'android.widget.Button' and (@text = 'Sign In' or . = 'Sign In') and @resource-id = 'com.lenddo.mobile.paylater.staging:id/user_type_existing']"}[39m
[35m[HTTP][39m [37m<-- POST /wd/hub/session/f8739b60-e523-4f35-b58b-8b6634e6ad54/elements [39m[32m200[39m [90m72 ms - 12[39m
[35m[HTTP][39m [90m[39m
[35m[HTTP][39m [37m-->[39m [37mPOST[39m [37m/wd/hub/session/f8739b60-e523-4f35-b58b-8b6634e6ad54/elements[39m
[35m[HTTP][39m [90m{"using":"xpath","value":"//*[@class = 'android.widget.Button' and (@text = 'Sign In' or . = 'Sign In') and @resource-id = 'com.lenddo.mobile.paylater.staging:id/user_type_existing']"}[39m
[35m[HTTP][39m [37m<-- POST /wd/hub/session/f8739b60-e523-4f35-b58b-8b6634e6ad54/elements [39m[32m200[39m [90m85 ms - 12[39m
[35m[HTTP][39m [90m[39m
[35m[HTTP][39m [37m-->[39m [37mPOST[39m [37m/wd/hub/session/f8739b60-e523-4f35-b58b-8b6634e6ad54/elements[39m
[35m[HTTP][39m [90m{"using":"xpath","value":"//*[@class = 'android.widget.Button' and (@text = 'Sign In' or . = 'Sign In') and @resource-id = 'com.lenddo.mobile.paylater.staging:id/user_type_existing']"}[39m
[35m[HTTP][39m [37m<-- POST /wd/hub/session/f8739b60-e523-4f35-b58b-8b6634e6ad54/elements [39m[32m200[39m [90m81 ms - 12[39m
[35m[HTTP][39m [90m[39m
[35m[HTTP][39m [37m-->[39m [37mPOST[39m [37m/wd/hub/session/f8739b60-e523-4f35-b58b-8b6634e6ad54/elements[39m
[35m[HTTP][39m [90m{"using":"xpath","value":"//*[@class = 'android.widget.Button' and (@text = 'Sign In' or . = 'Sign In') and @resource-id = 'com.lenddo.mobile.paylater.staging:id/user_type_existing']"}[39m
[35m[HTTP][39m [37m<-- POST /wd/hub/session/f8739b60-e523-4f35-b58b-8b6634e6ad54/elements [39m[32m200[39m [90m93 ms - 12[39m
[35m[HTTP][39m [90m[39m
[35m[HTTP][39m [37m-->[39m [37mPOST[39m [37m/wd/hub/session/f8739b60-e523-4f35-b58b-8b6634e6ad54/elements[39m
[35m[HTTP][39m [90m{"using":"xpath","value":"//*[@class = 'android.widget.Button' and (@text = 'Sign In' or . = 'Sign In') and @resource-id = 'com.lenddo.mobile.paylater.staging:id/user_type_existing']"}[39m
[35m[HTTP][39m [37m<-- POST /wd/hub/session/f8739b60-e523-4f35-b58b-8b6634e6ad54/elements [39m[32m200[39m [90m94 ms - 12[39m
[35m[HTTP][39m [90m[39m
[35m[HTTP][39m [37m-->[39m [37mPOST[39m [37m/wd/hub/session/f8739b60-e523-4f35-b58b-8b6634e6ad54/elements[39m
[35m[HTTP][39m [90m{"using":"xpath","value":"//*[@class = 'android.widget.Button' and (@text = 'Sign In' or . = 'Sign In') and @resource-id = 'com.lenddo.mobile.paylater.staging:id/user_type_existing']"}[39m
[35m[HTTP][39m [37m<-- POST /wd/hub/session/f8739b60-e523-4f35-b58b-8b6634e6ad54/elements [39m[32m200[39m [90m103 ms - 12[39m
[35m[HTTP][39m [90m[39m
[35m[HTTP][39m [37m-->[39m [37mPOST[39m [37m/wd/hub/session/f8739b60-e523-4f35-b58b-8b6634e6ad54/elements[39m
[35m[HTTP][39m [90m{"using":"xpath","value":"//*[@class = 'android.widget.Button' and (@text = 'Sign In' or . = 'Sign In') and @resource-id = 'com.lenddo.mobile.paylater.staging:id/user_type_existing']"}[39m
[35m[HTTP][39m [37m<-- POST /wd/hub/session/f8739b60-e523-4f35-b58b-8b6634e6ad54/elements [39m[32m200[39m [90m88 ms - 12[39m
[35m[HTTP][39m [90m[39m
[35m[HTTP][39m [37m-->[39m [37mPOST[39m [37m/wd/hub/session/f8739b60-e523-4f35-b58b-8b6634e6ad54/elements[39m
[35m[HTTP][39m [90m{"using":"xpath","value":"//*[@class = 'android.widget.Button' and (@text = 'Sign In' or . = 'Sign In') and @resource-id = 'com.lenddo.mobile.paylater.staging:id/user_type_existing']"}[39m
[35m[HTTP][39m [37m<-- POST /wd/hub/session/f8739b60-e523-4f35-b58b-8b6634e6ad54/elements [39m[32m200[39m [90m93 ms - 12[39m
[35m[HTTP][39m [90m[39m
[35m[HTTP][39m [37m-->[39m [37mPOST[39m [37m/wd/hub/session/f8739b60-e523-4f35-b58b-8b6634e6ad54/elements[39m
[35m[HTTP][39m [90m{"using":"xpath","value":"//*[@class = 'android.widget.Button' and (@text = 'Sign In' or . = 'Sign In') and @resource-id = 'com.lenddo.mobile.paylater.staging:id/user_type_existing']"}[39m
[35m[HTTP][39m [37m<-- POST /wd/hub/session/f8739b60-e523-4f35-b58b-8b6634e6ad54/elements [39m[32m200[39m [90m74 ms - 12[39m
[35m[HTTP][39m [90m[39m
[35m[HTTP][39m [37m-->[39m [37mPOST[39m [37m/wd/hub/session/f8739b60-e523-4f35-b58b-8b6634e6ad54/elements[39m
[35m[HTTP][39m [90m{"using":"xpath","value":"//*[@class = 'android.widget.Button' and (@text = 'Sign In' or . = 'Sign In') and @resource-id = 'com.lenddo.mobile.paylater.staging:id/user_type_existing']"}[39m
[35m[HTTP][39m [37m<-- POST /wd/hub/session/f8739b60-e523-4f35-b58b-8b6634e6ad54/elements [39m[32m200[39m [90m65 ms - 12[39m
[35m[HTTP][39m [90m[39m
[35m[HTTP][39m [37m-->[39m [37mPOST[39m [37m/wd/hub/session/f8739b60-e523-4f35-b58b-8b6634e6ad54/elements[39m
[35m[HTTP][39m [90m{"using":"xpath","value":"//*[@class = 'android.widget.Button' and (@text = 'Sign In' or . = 'Sign In') and @resource-id = 'com.lenddo.mobile.paylater.staging:id/user_type_existing']"}[39m
[35m[HTTP][39m [37m<-- POST /wd/hub/session/f8739b60-e523-4f35-b58b-8b6634e6ad54/elements [39m[32m200[39m [90m67 ms - 12[39m
[35m[HTTP][39m [90m[39m
[35m[HTTP][39m [37m-->[39m [37mPOST[39m [37m/wd/hub/session/f8739b60-e523-4f35-b58b-8b6634e6ad54/elements[39m
[35m[HTTP][39m [90m{"using":"xpath","value":"//*[@class = 'android.widget.Button' and (@text = 'Sign In' or . = 'Sign In') and @resource-id = 'com.lenddo.mobile.paylater.staging:id/user_type_existing']"}[39m
[35m[HTTP][39m [37m<-- POST /wd/hub/session/f8739b60-e523-4f35-b58b-8b6634e6ad54/elements [39m[32m200[39m [90m62 ms - 12[39m
[35m[HTTP][39m [90m[39m
[35m[HTTP][39m [37m-->[39m [37mPOST[39m [37m/wd/hub/session/f8739b60-e523-4f35-b58b-8b6634e6ad54/elements[39m
[35m[HTTP][39m [90m{"using":"xpath","value":"//*[@class = 'android.widget.Button' and (@text = 'Sign In' or . = 'Sign In') and @resource-id = 'com.lenddo.mobile.paylater.staging:id/user_type_existing']"}[39m
[35m[HTTP][39m [37m<-- POST /wd/hub/session/f8739b60-e523-4f35-b58b-8b6634e6ad54/elements [39m[32m200[39m [90m62 ms - 12[39m
[35m[HTTP][39m [90m[39m
[35m[HTTP][39m [37m-->[39m [37mPOST[39m [37m/wd/hub/session/f8739b60-e523-4f35-b58b-8b6634e6ad54/elements[39m
[35m[HTTP][39m [90m{"using":"xpath","value":"//*[@class = 'android.widget.Button' and (@text = 'Sign In' or . = 'Sign In') and @resource-id = 'com.lenddo.mobile.paylater.staging:id/user_type_existing']"}[39m
[35m[HTTP][39m [37m<-- POST /wd/hub/session/f8739b60-e523-4f35-b58b-8b6634e6ad54/elements [39m[32m200[39m [90m70 ms - 12[39m
[35m[HTTP][39m [90m[39m
[35m[HTTP][39m [37m-->[39m [37mPOST[39m [37m/wd/hub/session/f8739b60-e523-4f35-b58b-8b6634e6ad54/elements[39m
[35m[HTTP][39m [90m{"using":"xpath","value":"//*[@class = 'android.widget.Button' and (@text = 'Sign In' or . = 'Sign In') and @resource-id = 'com.lenddo.mobile.paylater.staging:id/user_type_existing']"}[39m
[35m[HTTP][39m [37m<-- POST /wd/hub/session/f8739b60-e523-4f35-b58b-8b6634e6ad54/elements [39m[32m200[39m [90m77 ms - 12[39m
[35m[HTTP][39m [90m[39m
[35m[HTTP][39m [37m-->[39m [37mPOST[39m [37m/wd/hub/session/f8739b60-e523-4f35-b58b-8b6634e6ad54/elements[39m
[35m[HTTP][39m [90m{"using":"xpath","value":"//*[@class = 'android.widget.Button' and (@text = 'Sign In' or . = 'Sign In') and @resource-id = 'com.lenddo.mobile.paylater.staging:id/user_type_existing']"}[39m
[35m[HTTP][39m [37m<-- POST /wd/hub/session/f8739b60-e523-4f35-b58b-8b6634e6ad54/elements [39m[32m200[39m [90m74 ms - 12[39m
[35m[HTTP][39m [90m[39m
[35m[HTTP][39m [37m-->[39m [37mPOST[39m [37m/wd/hub/session/f8739b60-e523-4f35-b58b-8b6634e6ad54/elements[39m
[35m[HTTP][39m [90m{"using":"xpath","value":"//*[@class = 'android.widget.Button' and (@text = 'Sign In' or . = 'Sign In') and @resource-id = 'com.lenddo.mobile.paylater.staging:id/user_type_existing']"}[39m
[35m[HTTP][39m [37m<-- POST /wd/hub/session/f8739b60-e523-4f35-b58b-8b6634e6ad54/elements [39m[32m200[39m [90m70 ms - 12[39m
[35m[HTTP][39m [90m[39m
[35m[HTTP][39m [37m-->[39m [37mPOST[39m [37m/wd/hub/session/f8739b60-e523-4f35-b58b-8b6634e6ad54/elements[39m
[35m[HTTP][39m [90m{"using":"xpath","value":"//*[@class = 'android.widget.Button' and (@text = 'Sign In' or . = 'Sign In') and @resource-id = 'com.lenddo.mobile.paylater.staging:id/user_type_existing']"}[39m
[35m[HTTP][39m [37m<-- POST /wd/hub/session/f8739b60-e523-4f35-b58b-8b6634e6ad54/elements [39m[32m200[39m [90m71 ms - 12[39m
[35m[HTTP][39m [90m[39m
[35m[HTTP][39m [37m-->[39m [37mPOST[39m [37m/wd/hub/session/f8739b60-e523-4f35-b58b-8b6634e6ad54/elements[39m
[35m[HTTP][39m [90m{"using":"xpath","value":"//*[@class = 'android.widget.Button' and (@text = 'Sign In' or . = 'Sign In') and @resource-id = 'com.lenddo.mobile.paylater.staging:id/user_type_existing']"}[39m
[35m[HTTP][39m [37m<-- POST /wd/hub/session/f8739b60-e523-4f35-b58b-8b6634e6ad54/elements [39m[32m200[39m [90m57 ms - 12[39m
[35m[HTTP][39m [90m[39m
[35m[HTTP][39m [37m-->[39m [37mPOST[39m [37m/wd/hub/session/f8739b60-e523-4f35-b58b-8b6634e6ad54/elements[39m
[35m[HTTP][39m [90m{"using":"xpath","value":"//*[@class = 'android.widget.Button' and (@text = 'Sign In' or . = 'Sign In') and @resource-id = 'com.lenddo.mobile.paylater.staging:id/user_type_existing']"}[39m
[35m[HTTP][39m [37m<-- POST /wd/hub/session/f8739b60-e523-4f35-b58b-8b6634e6ad54/elements [39m[32m200[39m [90m72 ms - 12[39m
[35m[HTTP][39m [90m[39m
[35m[HTTP][39m [37m-->[39m [37mPOST[39m [37m/wd/hub/session/f8739b60-e523-4f35-b58b-8b6634e6ad54/elements[39m
[35m[HTTP][39m [90m{"using":"xpath","value":"//*[@class = 'android.widget.Button' and (@text = 'Sign In' or . = 'Sign In') and @resource-id = 'com.lenddo.mobile.paylater.staging:id/user_type_existing']"}[39m
[35m[HTTP][39m [37m<-- POST /wd/hub/session/f8739b60-e523-4f35-b58b-8b6634e6ad54/elements [39m[32m200[39m [90m71 ms - 12[39m
[35m[HTTP][39m [90m[39m
[35m[HTTP][39m [37m-->[39m [37mPOST[39m [37m/wd/hub/session/f8739b60-e523-4f35-b58b-8b6634e6ad54/elements[39m
[35m[HTTP][39m [90m{"using":"xpath","value":"//*[@class = 'android.widget.Button' and (@text = 'Sign In' or . = 'Sign In') and @resource-id = 'com.lenddo.mobile.paylater.staging:id/user_type_existing']"}[39m
[35m[HTTP][39m [37m<-- POST /wd/hub/session/f8739b60-e523-4f35-b58b-8b6634e6ad54/elements [39m[32m200[39m [90m64 ms - 12[39m
[35m[HTTP][39m [90m[39m
[35m[HTTP][39m [37m-->[39m [37mPOST[39m [37m/wd/hub/session/f8739b60-e523-4f35-b58b-8b6634e6ad54/elements[39m
[35m[HTTP][39m [90m{"using":"xpath","value":"//*[@class = 'android.widget.Button' and (@text = 'Sign In' or . = 'Sign In') and @resource-id = 'com.lenddo.mobile.paylater.staging:id/user_type_existing']"}[39m
[35m[HTTP][39m [37m<-- POST /wd/hub/session/f8739b60-e523-4f35-b58b-8b6634e6ad54/elements [39m[32m200[39m [90m58 ms - 12[39m
[35m[HTTP][39m [90m[39m
[35m[HTTP][39m [37m-->[39m [37mPOST[39m [37m/wd/hub/session/f8739b60-e523-4f35-b58b-8b6634e6ad54/elements[39m
[35m[HTTP][39m [90m{"using":"xpath","value":"//*[@class = 'android.widget.Button' and (@text = 'Sign In' or . = 'Sign In') and @resource-id = 'com.lenddo.mobile.paylater.staging:id/user_type_existing']"}[39m
[35m[HTTP][39m [37m<-- POST /wd/hub/session/f8739b60-e523-4f35-b58b-8b6634e6ad54/elements [39m[32m200[39m [90m76 ms - 12[39m
[35m[HTTP][39m [90m[39m
[35m[HTTP][39m [37m-->[39m [37mPOST[39m [37m/wd/hub/session/f8739b60-e523-4f35-b58b-8b6634e6ad54/elements[39m
[35m[HTTP][39m [90m{"using":"xpath","value":"//*[@class = 'android.widget.Button' and (@text = 'Sign In' or . = 'Sign In') and @resource-id = 'com.lenddo.mobile.paylater.staging:id/user_type_existing']"}[39m
[35m[HTTP][39m [37m<-- POST /wd/hub/session/f8739b60-e523-4f35-b58b-8b6634e6ad54/elements [39m[32m200[39m [90m64 ms - 12[39m
[35m[HTTP][39m [90m[39m
[35m[HTTP][39m [37m-->[39m [37mPOST[39m [37m/wd/hub/session/f8739b60-e523-4f35-b58b-8b6634e6ad54/elements[39m
[35m[HTTP][39m [90m{"using":"xpath","value":"//*[@class = 'android.widget.Button' and (@text = 'Sign In' or . = 'Sign In') and @resource-id = 'com.lenddo.mobile.paylater.staging:id/user_type_existing']"}[39m
[35m[HTTP][39m [37m<-- POST /wd/hub/session/f8739b60-e523-4f35-b58b-8b6634e6ad54/elements [39m[32m200[39m [90m70 ms - 12[39m
[35m[HTTP][39m [90m[39m
[35m[HTTP][39m [37m-->[39m [37mPOST[39m [37m/wd/hub/session/f8739b60-e523-4f35-b58b-8b6634e6ad54/elements[39m
[35m[HTTP][39m [90m{"using":"xpath","value":"//*[@class = 'android.widget.Button' and (@text = 'Sign In' or . = 'Sign In') and @resource-id = 'com.lenddo.mobile.paylater.staging:id/user_type_existing']"}[39m
[35m[HTTP][39m [37m<-- POST /wd/hub/session/f8739b60-e523-4f35-b58b-8b6634e6ad54/elements [39m[32m200[39m [90m72 ms - 12[39m
[35m[HTTP][39m [90m[39m
[35m[HTTP][39m [37m-->[39m [37mPOST[39m [37m/wd/hub/session/f8739b60-e523-4f35-b58b-8b6634e6ad54/elements[39m
[35m[HTTP][39m [90m{"using":"xpath","value":"//*[@class = 'android.widget.Button' and (@text = 'Sign In' or . = 'Sign In') and @resource-id = 'com.lenddo.mobile.paylater.staging:id/user_type_existing']"}[39m
[35m[HTTP][39m [37m<-- POST /wd/hub/session/f8739b60-e523-4f35-b58b-8b6634e6ad54/elements [39m[32m200[39m [90m812 ms - 12[39m
[35m[HTTP][39m [90m[39m
[35m[HTTP][39m [37m-->[39m [37mPOST[39m [37m/wd/hub/session/f8739b60-e523-4f35-b58b-8b6634e6ad54/elements[39m
[35m[HTTP][39m [90m{"using":"xpath","value":"//*[@class = 'android.widget.Button' and (@text = 'Sign In' or . = 'Sign In') and @resource-id = 'com.lenddo.mobile.paylater.staging:id/user_type_existing']"}[39m
[35m[HTTP][39m [37m<-- POST /wd/hub/session/f8739b60-e523-4f35-b58b-8b6634e6ad54/elements [39m[32m200[39m [90m82 ms - 12[39m
[35m[HTTP][39m [90m[39m
[35m[HTTP][39m [37m-->[39m [37mPOST[39m [37m/wd/hub/session/f8739b60-e523-4f35-b58b-8b6634e6ad54/elements[39m
[35m[HTTP][39m [90m{"using":"xpath","value":"//*[@class = 'android.widget.Button' and (@text = 'Sign In' or . = 'Sign In') and @resource-id = 'com.lenddo.mobile.paylater.staging:id/user_type_existing']"}[39m
[35m[HTTP][39m [37m<-- POST /wd/hub/session/f8739b60-e523-4f35-b58b-8b6634e6ad54/elements [39m[32m200[39m [90m62 ms - 12[39m
[35m[HTTP][39m [90m[39m
[35m[HTTP][39m [37m-->[39m [37mPOST[39m [37m/wd/hub/session/f8739b60-e523-4f35-b58b-8b6634e6ad54/elements[39m
[35m[HTTP][39m [90m{"using":"xpath","value":"//*[@class = 'android.widget.Button' and (@text = 'Sign In' or . = 'Sign In') and @resource-id = 'com.lenddo.mobile.paylater.staging:id/user_type_existing']"}[39m
[35m[HTTP][39m [37m<-- POST /wd/hub/session/f8739b60-e523-4f35-b58b-8b6634e6ad54/elements [39m[32m200[39m [90m71 ms - 12[39m
[35m[HTTP][39m [90m[39m
[35m[HTTP][39m [37m-->[39m [37mPOST[39m [37m/wd/hub/session/f8739b60-e523-4f35-b58b-8b6634e6ad54/elements[39m
[35m[HTTP][39m [90m{"using":"xpath","value":"//*[@class = 'android.widget.Button' and (@text = 'Sign In' or . = 'Sign In') and @resource-id = 'com.lenddo.mobile.paylater.staging:id/user_type_existing']"}[39m
[35m[HTTP][39m [37m<-- POST /wd/hub/session/f8739b60-e523-4f35-b58b-8b6634e6ad54/elements [39m[32m200[39m [90m65 ms - 12[39m
[35m[HTTP][39m [90m[39m
[35m[HTTP][39m [37m-->[39m [37mPOST[39m [37m/wd/hub/session/f8739b60-e523-4f35-b58b-8b6634e6ad54/elements[39m
[35m[HTTP][39m [90m{"using":"xpath","value":"//*[@class = 'android.widget.Button' and (@text = 'Sign In' or . = 'Sign In') and @resource-id = 'com.lenddo.mobile.paylater.staging:id/user_type_existing']"}[39m
[35m[HTTP][39m [37m<-- POST /wd/hub/session/f8739b60-e523-4f35-b58b-8b6634e6ad54/elements [39m[32m200[39m [90m60 ms - 12[39m
[35m[HTTP][39m [90m[39m
[35m[HTTP][39m [37m-->[39m [37mPOST[39m [37m/wd/hub/session/f8739b60-e523-4f35-b58b-8b6634e6ad54/elements[39m
[35m[HTTP][39m [90m{"using":"xpath","value":"//*[@class = 'android.widget.Button' and (@text = 'Sign In' or . = 'Sign In') and @resource-id = 'com.lenddo.mobile.paylater.staging:id/user_type_existing']"}[39m
[35m[HTTP][39m [37m<-- POST /wd/hub/session/f8739b60-e523-4f35-b58b-8b6634e6ad54/elements [39m[32m200[39m [90m60 ms - 12[39m
[35m[HTTP][39m [90m[39m
[35m[HTTP][39m [37m-->[39m [37mPOST[39m [37m/wd/hub/session/f8739b60-e523-4f35-b58b-8b6634e6ad54/elements[39m
[35m[HTTP][39m [90m{"using":"xpath","value":"//*[@class = 'android.widget.Button' and (@text = 'Sign In' or . = 'Sign In') and @resource-id = 'com.lenddo.mobile.paylater.staging:id/user_type_existing']"}[39m
[35m[HTTP][39m [37m<-- POST /wd/hub/session/f8739b60-e523-4f35-b58b-8b6634e6ad54/elements [39m[32m200[39m [90m68 ms - 12[39m
[35m[HTTP][39m [90m[39m
[35m[HTTP][39m [37m-->[39m [37mPOST[39m [37m/wd/hub/session/f8739b60-e523-4f35-b58b-8b6634e6ad54/elements[39m
[35m[HTTP][39m [90m{"using":"xpath","value":"//*[@class = 'android.widget.Button' and (@text = 'Sign In' or . = 'Sign In') and @resource-id = 'com.lenddo.mobile.paylater.staging:id/user_type_existing']"}[39m
[35m[HTTP][39m [37m<-- POST /wd/hub/session/f8739b60-e523-4f35-b58b-8b6634e6ad54/elements [39m[32m200[39m [90m81 ms - 12[39m
[35m[HTTP][39m [90m[39m
[35m[HTTP][39m [37m-->[39m [37mPOST[39m [37m/wd/hub/session/f8739b60-e523-4f35-b58b-8b6634e6ad54/elements[39m
[35m[HTTP][39m [90m{"using":"xpath","value":"//*[@class = 'android.widget.Button' and (@text = 'Sign In' or . = 'Sign In') and @resource-id = 'com.lenddo.mobile.paylater.staging:id/user_type_existing']"}[39m
[35m[HTTP][39m [37m<-- POST /wd/hub/session/f8739b60-e523-4f35-b58b-8b6634e6ad54/elements [39m[32m200[39m [90m91 ms - 12[39m
[35m[HTTP][39m [90m[39m
[35m[HTTP][39m [37m-->[39m [37mPOST[39m [37m/wd/hub/session/f8739b60-e523-4f35-b58b-8b6634e6ad54/elements[39m
[35m[HTTP][39m [90m{"using":"xpath","value":"//*[@class = 'android.widget.Button' and (@text = 'Sign In' or . = 'Sign In') and @resource-id = 'com.lenddo.mobile.paylater.staging:id/user_type_existing']"}[39m
[35m[HTTP][39m [37m<-- POST /wd/hub/session/f8739b60-e523-4f35-b58b-8b6634e6ad54/elements [39m[32m200[39m [90m66 ms - 12[39m
[35m[HTTP][39m [90m[39m
[35m[HTTP][39m [37m-->[39m [37mPOST[39m [37m/wd/hub/session/f8739b60-e523-4f35-b58b-8b6634e6ad54/elements[39m
[35m[HTTP][39m [90m{"using":"xpath","value":"//*[@class = 'android.widget.Button' and (@text = 'Sign In' or . = 'Sign In') and @resource-id = 'com.lenddo.mobile.paylater.staging:id/user_type_existing']"}[39m
[35m[HTTP][39m [37m<-- POST /wd/hub/session/f8739b60-e523-4f35-b58b-8b6634e6ad54/elements [39m[32m200[39m [90m60 ms - 12[39m
[35m[HTTP][39m [90m[39m
[35m[HTTP][39m [37m-->[39m [37mPOST[39m [37m/wd/hub/session/f8739b60-e523-4f35-b58b-8b6634e6ad54/elements[39m
[35m[HTTP][39m [90m{"using":"xpath","value":"//*[@class = 'android.widget.Button' and (@text = 'Sign In' or . = 'Sign In') and @resource-id = 'com.lenddo.mobile.paylater.staging:id/user_type_existing']"}[39m
[35m[HTTP][39m [37m<-- POST /wd/hub/session/f8739b60-e523-4f35-b58b-8b6634e6ad54/elements [39m[32m200[39m [90m66 ms - 12[39m
[35m[HTTP][39m [90m[39m
[35m[HTTP][39m [37m-->[39m [37mPOST[39m [37m/wd/hub/session/f8739b60-e523-4f35-b58b-8b6634e6ad54/elements[39m
[35m[HTTP][39m [90m{"using":"xpath","value":"//*[@class = 'android.widget.Button' and (@text = 'Sign In' or . = 'Sign In') and @resource-id = 'com.lenddo.mobile.paylater.staging:id/user_type_existing']"}[39m
[35m[HTTP][39m [37m<-- POST /wd/hub/session/f8739b60-e523-4f35-b58b-8b6634e6ad54/elements [39m[32m200[39m [90m62 ms - 12[39m
[35m[HTTP][39m [90m[39m
[35m[HTTP][39m [37m-->[39m [37mPOST[39m [37m/wd/hub/session/f8739b60-e523-4f35-b58b-8b6634e6ad54/elements[39m
[35m[HTTP][39m [90m{"using":"xpath","value":"//*[@class = 'android.widget.Button' and (@text = 'Sign In' or . = 'Sign In') and @resource-id = 'com.lenddo.mobile.paylater.staging:id/user_type_existing']"}[39m
[35m[HTTP][39m [37m<-- POST /wd/hub/session/f8739b60-e523-4f35-b58b-8b6634e6ad54/elements [39m[32m200[39m [90m65 ms - 12[39m
[35m[HTTP][39m [90m[39m
[35m[HTTP][39m [37m-->[39m [37mPOST[39m [37m/wd/hub/session/f8739b60-e523-4f35-b58b-8b6634e6ad54/elements[39m
[35m[HTTP][39m [90m{"using":"xpath","value":"//*[@class = 'android.widget.Button' and (@text = 'Sign In' or . = 'Sign In') and @resource-id = 'com.lenddo.mobile.paylater.staging:id/user_type_existing']"}[39m
[35m[HTTP][39m [37m<-- POST /wd/hub/session/f8739b60-e523-4f35-b58b-8b6634e6ad54/elements [39m[32m200[39m [90m79 ms - 12[39m
[35m[HTTP][39m [90m[39m
[35m[HTTP][39m [37m-->[39m [37mPOST[39m [37m/wd/hub/session/f8739b60-e523-4f35-b58b-8b6634e6ad54/elements[39m
[35m[HTTP][39m [90m{"using":"xpath","value":"//*[@class = 'android.widget.Button' and (@text = 'Sign In' or . = 'Sign In') and @resource-id = 'com.lenddo.mobile.paylater.staging:id/user_type_existing']"}[39m
[35m[HTTP][39m [37m<-- POST /wd/hub/session/f8739b60-e523-4f35-b58b-8b6634e6ad54/elements [39m[32m200[39m [90m74 ms - 12[39m
[35m[HTTP][39m [90m[39m
[35m[HTTP][39m [37m-->[39m [37mPOST[39m [37m/wd/hub/session/f8739b60-e523-4f35-b58b-8b6634e6ad54/elements[39m
[35m[HTTP][39m [90m{"using":"xpath","value":"//*[@class = 'android.widget.Button' and (@text = 'Sign In' or . = 'Sign In') and @resource-id = 'com.lenddo.mobile.paylater.staging:id/user_type_existing']"}[39m
[35m[HTTP][39m [37m<-- POST /wd/hub/session/f8739b60-e523-4f35-b58b-8b6634e6ad54/elements [39m[32m200[39m [90m69 ms - 12[39m
[35m[HTTP][39m [90m[39m
[35m[HTTP][39m [37m-->[39m [37mPOST[39m [37m/wd/hub/session/f8739b60-e523-4f35-b58b-8b6634e6ad54/elements[39m
[35m[HTTP][39m [90m{"using":"xpath","value":"//*[@class = 'android.widget.Button' and (@text = 'Sign In' or . = 'Sign In') and @resource-id = 'com.lenddo.mobile.paylater.staging:id/user_type_existing']"}[39m
[35m[HTTP][39m [37m<-- POST /wd/hub/session/f8739b60-e523-4f35-b58b-8b6634e6ad54/elements [39m[32m200[39m [90m67 ms - 12[39m
[35m[HTTP][39m [90m[39m
[35m[HTTP][39m [37m-->[39m [37mPOST[39m [37m/wd/hub/session/f8739b60-e523-4f35-b58b-8b6634e6ad54/elements[39m
[35m[HTTP][39m [90m{"using":"xpath","value":"//*[@class = 'android.widget.Button' and (@text = 'Sign In' or . = 'Sign In') and @resource-id = 'com.lenddo.mobile.paylater.staging:id/user_type_existing']"}[39m
[35m[HTTP][39m [37m<-- POST /wd/hub/session/f8739b60-e523-4f35-b58b-8b6634e6ad54/elements [39m[32m200[39m [90m57 ms - 12[39m
[35m[HTTP][39m [90m[39m
[35m[HTTP][39m [37m-->[39m [37mPOST[39m [37m/wd/hub/session/f8739b60-e523-4f35-b58b-8b6634e6ad54/elements[39m
[35m[HTTP][39m [90m{"using":"xpath","value":"//*[@class = 'android.widget.Button' and (@text = 'Sign In' or . = 'Sign In') and @resource-id = 'com.lenddo.mobile.paylater.staging:id/user_type_existing']"}[39m
[35m[HTTP][39m [37m<-- POST /wd/hub/session/f8739b60-e523-4f35-b58b-8b6634e6ad54/elements [39m[32m200[39m [90m59 ms - 12[39m
[35m[HTTP][39m [90m[39m
[35m[HTTP][39m [37m-->[39m [37mPOST[39m [37m/wd/hub/session/f8739b60-e523-4f35-b58b-8b6634e6ad54/elements[39m
[35m[HTTP][39m [90m{"using":"xpath","value":"//*[@class = 'android.widget.Button' and (@text = 'Sign In' or . = 'Sign In') and @resource-id = 'com.lenddo.mobile.paylater.staging:id/user_type_existing']"}[39m
[35m[HTTP][39m [37m<-- POST /wd/hub/session/f8739b60-e523-4f35-b58b-8b6634e6ad54/elements [39m[32m200[39m [90m59 ms - 12[39m
[35m[HTTP][39m [90m[39m
[35m[HTTP][39m [37m-->[39m [37mPOST[39m [37m/wd/hub/session/f8739b60-e523-4f35-b58b-8b6634e6ad54/elements[39m
[35m[HTTP][39m [90m{"using":"xpath","value":"//*[@class = 'android.widget.Button' and (@text = 'Sign In' or . = 'Sign In') and @resource-id = 'com.lenddo.mobile.paylater.staging:id/user_type_existing']"}[39m
[35m[HTTP][39m [37m<-- POST /wd/hub/session/f8739b60-e523-4f35-b58b-8b6634e6ad54/elements [39m[32m200[39m [90m54 ms - 12[39m
[35m[HTTP][39m [90m[39m
[35m[HTTP][39m [37m-->[39m [37mPOST[39m [37m/wd/hub/session/f8739b60-e523-4f35-b58b-8b6634e6ad54/elements[39m
[35m[HTTP][39m [90m{"using":"xpath","value":"//*[@class = 'android.widget.Button' and (@text = 'Sign In' or . = 'Sign In') and @resource-id = 'com.lenddo.mobile.paylater.staging:id/user_type_existing']"}[39m
[35m[HTTP][39m [37m<-- POST /wd/hub/session/f8739b60-e523-4f35-b58b-8b6634e6ad54/elements [39m[32m200[39m [90m66 ms - 12[39m
[35m[HTTP][39m [90m[39m
[35m[HTTP][39m [37m-->[39m [37mPOST[39m [37m/wd/hub/session/f8739b60-e523-4f35-b58b-8b6634e6ad54/elements[39m
[35m[HTTP][39m [90m{"using":"xpath","value":"//*[@class = 'android.widget.Button' and (@text = 'Sign In' or . = 'Sign In') and @resource-id = 'com.lenddo.mobile.paylater.staging:id/user_type_existing']"}[39m
[35m[HTTP][39m [37m<-- POST /wd/hub/session/f8739b60-e523-4f35-b58b-8b6634e6ad54/elements [39m[32m200[39m [90m60 ms - 12[39m
[35m[HTTP][39m [90m[39m
[35m[HTTP][39m [37m-->[39m [37mPOST[39m [37m/wd/hub/session/f8739b60-e523-4f35-b58b-8b6634e6ad54/elements[39m
[35m[HTTP][39m [90m{"using":"xpath","value":"//*[@class = 'android.widget.Button' and (@text = 'Sign In' or . = 'Sign In') and @resource-id = 'com.lenddo.mobile.paylater.staging:id/user_type_existing']"}[39m
[35m[HTTP][39m [37m<-- POST /wd/hub/session/f8739b60-e523-4f35-b58b-8b6634e6ad54/elements [39m[32m200[39m [90m56 ms - 12[39m
[35m[HTTP][39m [90m[39m
[35m[HTTP][39m [37m-->[39m [37mPOST[39m [37m/wd/hub/session/f8739b60-e523-4f35-b58b-8b6634e6ad54/elements[39m
[35m[HTTP][39m [90m{"using":"xpath","value":"//*[@class = 'android.widget.Button' and (@text = 'Sign In' or . = 'Sign In') and @resource-id = 'com.lenddo.mobile.paylater.staging:id/user_type_existing']"}[39m
[35m[HTTP][39m [37m<-- POST /wd/hub/session/f8739b60-e523-4f35-b58b-8b6634e6ad54/elements [39m[32m200[39m [90m58 ms - 12[39m
[35m[HTTP][39m [90m[39m
[35m[HTTP][39m [37m-->[39m [37mPOST[39m [37m/wd/hub/session/f8739b60-e523-4f35-b58b-8b6634e6ad54/elements[39m
[35m[HTTP][39m [90m{"using":"xpath","value":"//*[@class = 'android.widget.Button' and (@text = 'Sign In' or . = 'Sign In') and @resource-id = 'com.lenddo.mobile.paylater.staging:id/user_type_existing']"}[39m
[35m[HTTP][39m [37m<-- POST /wd/hub/session/f8739b60-e523-4f35-b58b-8b6634e6ad54/elements [39m[32m200[39m [90m56 ms - 12[39m
[35m[HTTP][39m [90m[39m
[35m[HTTP][39m [37m-->[39m [37mPOST[39m [37m/wd/hub/session/f8739b60-e523-4f35-b58b-8b6634e6ad54/elements[39m
[35m[HTTP][39m [90m{"using":"xpath","value":"//*[@class = 'android.widget.Button' and (@text = 'Sign In' or . = 'Sign In') and @resource-id = 'com.lenddo.mobile.paylater.staging:id/user_type_existing']"}[39m
[35m[HTTP][39m [37m<-- POST /wd/hub/session/f8739b60-e523-4f35-b58b-8b6634e6ad54/elements [39m[32m200[39m [90m61 ms - 12[39m
[35m[HTTP][39m [90m[39m
[35m[HTTP][39m [37m-->[39m [37mPOST[39m [37m/wd/hub/session/f8739b60-e523-4f35-b58b-8b6634e6ad54/elements[39m
[35m[HTTP][39m [90m{"using":"xpath","value":"//*[@class = 'android.widget.Button' and (@text = 'Sign In' or . = 'Sign In') and @resource-id = 'com.lenddo.mobile.paylater.staging:id/user_type_existing']"}[39m
[35m[HTTP][39m [37m<-- POST /wd/hub/session/f8739b60-e523-4f35-b58b-8b6634e6ad54/elements [39m[32m200[39m [90m55 ms - 12[39m
[35m[HTTP][39m [90m[39m
[35m[HTTP][39m [37m-->[39m [37mPOST[39m [37m/wd/hub/session/f8739b60-e523-4f35-b58b-8b6634e6ad54/elements[39m
[35m[HTTP][39m [90m{"using":"xpath","value":"//*[@class = 'android.widget.Button' and (@text = 'Sign In' or . = 'Sign In') and @resource-id = 'com.lenddo.mobile.paylater.staging:id/user_type_existing']"}[39m
[35m[HTTP][39m [37m<-- POST /wd/hub/session/f8739b60-e523-4f35-b58b-8b6634e6ad54/elements [39m[32m200[39m [90m1063 ms - 139[39m
[35m[HTTP][39m [90m[39m
[35m[HTTP][39m [37m-->[39m [37mGET[39m [37m/wd/hub/session/f8739b60-e523-4f35-b58b-8b6634e6ad54/element/3de39f73-b255-4d2b-b15c-261bf4ab70cf/location[39m
[35m[HTTP][39m [90m{}[39m
[35m[W3C (f8739b60)][39m Driver proxy active, passing request on via HTTP proxy
[35m[WD Proxy][39m Replacing sessionId 2b84704b-0934-4702-ba1d-b633afa9ea33 with f8739b60-e523-4f35-b58b-8b6634e6ad54
[35m[HTTP][39m [37m<-- GET /wd/hub/session/f8739b60-e523-4f35-b58b-8b6634e6ad54/element/3de39f73-b255-4d2b-b15c-261bf4ab70cf/location [39m[32m200[39m [90m51 ms - 78[39m
[35m[HTTP][39m [90m[39m
[35m[HTTP][39m [37m-->[39m [37mPOST[39m [37m/wd/hub/session/f8739b60-e523-4f35-b58b-8b6634e6ad54/timeouts[39m
[35m[HTTP][39m [90m{"implicit":30000}[39m
[35m[HTTP][39m [37m<-- POST /wd/hub/session/f8739b60-e523-4f35-b58b-8b6634e6ad54/timeouts [39m[32m200[39m [90m1 ms - 14[39m
[35m[HTTP][39m [90m[39m
[35m[HTTP][39m [37m-->[39m [37mPOST[39m [37m/wd/hub/session/f8739b60-e523-4f35-b58b-8b6634e6ad54/touch/perform[39m
[35m[HTTP][39m [90m{"actions":[{"action":"tap","options":{"x":1,"y":1,"element":"3de39f73-b255-4d2b-b15c-261bf4ab70cf"}},{"action":"release","options":{}}]}[39m
[35m[UiAutomator2][39m calling get location: 3de39f73-b255-4d2b-b15c-261bf4ab70cf
[35m[HTTP][39m [37m<-- POST /wd/hub/session/f8739b60-e523-4f35-b58b-8b6634e6ad54/touch/perform [39m[32m200[39m [90m218 ms - 14[39m
[35m[HTTP][39m [90m[39m
[35m[HTTP][39m [37m-->[39m [37mPOST[39m [37m/wd/hub/session/f8739b60-e523-4f35-b58b-8b6634e6ad54/timeouts[39m
[35m[HTTP][39m [90m{"implicit":50}[39m
[35m[HTTP][39m [37m<-- POST /wd/hub/session/f8739b60-e523-4f35-b58b-8b6634e6ad54/timeouts [39m[32m200[39m [90m2 ms - 14[39m
[35m[HTTP][39m [90m[39m
[35m[HTTP][39m [37m-->[39m [37mGET[39m [37m/wd/hub/session/f8739b60-e523-4f35-b58b-8b6634e6ad54/window/rect[39m
[35m[HTTP][39m [90m{}[39m
[35m[HTTP][39m [37m<-- GET /wd/hub/session/f8739b60-e523-4f35-b58b-8b6634e6ad54/window/rect [39m[32m200[39m [90m30 ms - 49[39m
[35m[HTTP][39m [90m[39m
[35m[HTTP][39m [37m-->[39m [37mPOST[39m [37m/wd/hub/session/f8739b60-e523-4f35-b58b-8b6634e6ad54/elements[39m
[35m[HTTP][39m [90m{"using":"xpath","value":"//*[@class = 'android.widget.EditText' and (@text = 'Phone number' or . = 'Phone number') and @resource-id = 'com.lenddo.mobile.paylater.staging:id/sign_in_phone']"}[39m
[35m[HTTP][39m [37m<-- POST /wd/hub/session/f8739b60-e523-4f35-b58b-8b6634e6ad54/elements [39m[32m200[39m [90m600 ms - 139[39m
[35m[HTTP][39m [90m[39m
[35m[HTTP][39m [37m-->[39m [37mGET[39m [37m/wd/hub/session/f8739b60-e523-4f35-b58b-8b6634e6ad54/element/bcc801e2-4a36-4938-9cb1-dd86aa84108a/location[39m
[35m[HTTP][39m [90m{}[39m
[35m[W3C (f8739b60)][39m Driver proxy active, passing request on via HTTP proxy
[35m[WD Proxy][39m Replacing sessionId 2b84704b-0934-4702-ba1d-b633afa9ea33 with f8739b60-e523-4f35-b58b-8b6634e6ad54
[35m[HTTP][39m [37m<-- GET /wd/hub/session/f8739b60-e523-4f35-b58b-8b6634e6ad54/element/bcc801e2-4a36-4938-9cb1-dd86aa84108a/location [39m[32m200[39m [90m484 ms - 77[39m
[35m[HTTP][39m [90m[39m
[35m[HTTP][39m [37m-->[39m [37mPOST[39m [37m/wd/hub/session/f8739b60-e523-4f35-b58b-8b6634e6ad54/timeouts[39m
[35m[HTTP][39m [90m{"implicit":30000}[39m
[35m[HTTP][39m [37m<-- POST /wd/hub/session/f8739b60-e523-4f35-b58b-8b6634e6ad54/timeouts [39m[32m200[39m [90m2 ms - 14[39m
[35m[HTTP][39m [90m[39m
[35m[HTTP][39m [37m-->[39m [37mPOST[39m [37m/wd/hub/session/f8739b60-e523-4f35-b58b-8b6634e6ad54/element/bcc801e2-4a36-4938-9cb1-dd86aa84108a/clear[39m
[35m[HTTP][39m [90m{"id":"bcc801e2-4a36-4938-9cb1-dd86aa84108a"}[39m
[35m[HTTP][39m [37m<-- POST /wd/hub/session/f8739b60-e523-4f35-b58b-8b6634e6ad54/element/bcc801e2-4a36-4938-9cb1-dd86aa84108a/clear [39m[32m200[39m [90m66 ms - 14[39m
[35m[HTTP][39m [90m[39m
[35m[HTTP][39m [37m-->[39m [37mPOST[39m [37m/wd/hub/session/f8739b60-e523-4f35-b58b-8b6634e6ad54/element/bcc801e2-4a36-4938-9cb1-dd86aa84108a/value[39m
[35m[HTTP][39m [90m{"id":"bcc801e2-4a36-4938-9cb1-dd86aa84108a","text":"08990001100","value":["0","8","9","9","0","0","0","1","1","0","0"]}[39m
[35m[HTTP][39m [37m<-- POST /wd/hub/session/f8739b60-e523-4f35-b58b-8b6634e6ad54/element/bcc801e2-4a36-4938-9cb1-dd86aa84108a/value [39m[32m200[39m [90m1442 ms - 14[39m
[35m[HTTP][39m [90m[39m
[35m[HTTP][39m [37m-->[39m [37mPOST[39m [37m/wd/hub/session/f8739b60-e523-4f35-b58b-8b6634e6ad54/timeouts[39m
[35m[HTTP][39m [90m{"implicit":50}[39m
[35m[HTTP][39m [37m<-- POST /wd/hub/session/f8739b60-e523-4f35-b58b-8b6634e6ad54/timeouts [39m[32m200[39m [90m1 ms - 14[39m
[35m[HTTP][39m [90m[39m
[35m[HTTP][39m [37m-->[39m [37mGET[39m [37m/wd/hub/session/f8739b60-e523-4f35-b58b-8b6634e6ad54/window/rect[39m
[35m[HTTP][39m [90m{}[39m
[35m[HTTP][39m [37m<-- GET /wd/hub/session/f8739b60-e523-4f35-b58b-8b6634e6ad54/window/rect [39m[32m200[39m [90m19 ms - 49[39m
[35m[HTTP][39m [90m[39m
[35m[HTTP][39m [37m-->[39m [37mPOST[39m [37m/wd/hub/session/f8739b60-e523-4f35-b58b-8b6634e6ad54/elements[39m
[35m[HTTP][39m [90m{"using":"xpath","value":"//*[@class = 'android.widget.EditText' and (@text = 'Enter PIN' or . = 'Enter PIN') and @resource-id = 'com.lenddo.mobile.paylater.staging:id/sign_in_pin']"}[39m
[35m[HTTP][39m [37m<-- POST /wd/hub/session/f8739b60-e523-4f35-b58b-8b6634e6ad54/elements [39m[32m200[39m [90m425 ms - 139[39m
[35m[HTTP][39m [90m[39m
[35m[HTTP][39m [37m-->[39m [37mGET[39m [37m/wd/hub/session/f8739b60-e523-4f35-b58b-8b6634e6ad54/element/3fb5586e-3ef2-4387-96cd-7069bfb4e1fb/location[39m
[35m[HTTP][39m [90m{}[39m
[35m[W3C (f8739b60)][39m Driver proxy active, passing request on via HTTP proxy
[35m[WD Proxy][39m Replacing sessionId 2b84704b-0934-4702-ba1d-b633afa9ea33 with f8739b60-e523-4f35-b58b-8b6634e6ad54
[35m[HTTP][39m [37m<-- GET /wd/hub/session/f8739b60-e523-4f35-b58b-8b6634e6ad54/element/3fb5586e-3ef2-4387-96cd-7069bfb4e1fb/location [39m[32m200[39m [90m59 ms - 77[39m
[35m[HTTP][39m [90m[39m
[35m[HTTP][39m [37m-->[39m [37mPOST[39m [37m/wd/hub/session/f8739b60-e523-4f35-b58b-8b6634e6ad54/timeouts[39m
[35m[HTTP][39m [90m{"implicit":30000}[39m
[35m[HTTP][39m [37m<-- POST /wd/hub/session/f8739b60-e523-4f35-b58b-8b6634e6ad54/timeouts [39m[32m200[39m [90m1 ms - 14[39m
[35m[HTTP][39m [90m[39m
[35m[HTTP][39m [37m-->[39m [37mPOST[39m [37m/wd/hub/session/f8739b60-e523-4f35-b58b-8b6634e6ad54/touch/perform[39m
[35m[HTTP][39m [90m{"actions":[{"action":"tap","options":{"x":1,"y":1,"element":"3fb5586e-3ef2-4387-96cd-7069bfb4e1fb"}},{"action":"release","options":{}}]}[39m
[35m[UiAutomator2][39m calling get location: 3fb5586e-3ef2-4387-96cd-7069bfb4e1fb
[35m[HTTP][39m [37m<-- POST /wd/hub/session/f8739b60-e523-4f35-b58b-8b6634e6ad54/touch/perform [39m[32m200[39m [90m1045 ms - 14[39m
[35m[HTTP][39m [90m[39m
[35m[HTTP][39m [37m-->[39m [37mPOST[39m [37m/wd/hub/session/f8739b60-e523-4f35-b58b-8b6634e6ad54/timeouts[39m
[35m[HTTP][39m [90m{"implicit":50}[39m
[35m[HTTP][39m [37m<-- POST /wd/hub/session/f8739b60-e523-4f35-b58b-8b6634e6ad54/timeouts [39m[32m200[39m [90m1 ms - 14[39m
[35m[HTTP][39m [90m[39m
[35m[HTTP][39m [37m-->[39m [37mGET[39m [37m/wd/hub/session/f8739b60-e523-4f35-b58b-8b6634e6ad54/window/rect[39m
[35m[HTTP][39m [90m{}[39m
[35m[HTTP][39m [37m<-- GET /wd/hub/session/f8739b60-e523-4f35-b58b-8b6634e6ad54/window/rect [39m[32m200[39m [90m42 ms - 49[39m
[35m[HTTP][39m [90m[39m
[35m[HTTP][39m [37m-->[39m [37mPOST[39m [37m/wd/hub/session/f8739b60-e523-4f35-b58b-8b6634e6ad54/elements[39m
[35m[HTTP][39m [90m{"using":"xpath","value":"//*[@class = 'android.widget.EditText' and (@text = 'Enter PIN' or . = 'Enter PIN') and @resource-id = 'com.lenddo.mobile.paylater.staging:id/sign_in_pin']"}[39m
[35m[HTTP][39m [37m<-- POST /wd/hub/session/f8739b60-e523-4f35-b58b-8b6634e6ad54/elements [39m[32m200[39m [90m610 ms - 139[39m
[35m[HTTP][39m [90m[39m
[35m[HTTP][39m [37m-->[39m [37mGET[39m [37m/wd/hub/session/f8739b60-e523-4f35-b58b-8b6634e6ad54/element/71a83d46-cc79-4146-9d94-24ae0b0c8a2b/location[39m
[35m[HTTP][39m [90m{}[39m
[35m[W3C (f8739b60)][39m Driver proxy active, passing request on via HTTP proxy
[35m[WD Proxy][39m Replacing sessionId 2b84704b-0934-4702-ba1d-b633afa9ea33 with f8739b60-e523-4f35-b58b-8b6634e6ad54
[35m[HTTP][39m [37m<-- GET /wd/hub/session/f8739b60-e523-4f35-b58b-8b6634e6ad54/element/71a83d46-cc79-4146-9d94-24ae0b0c8a2b/location [39m[32m200[39m [90m53 ms - 77[39m
[35m[HTTP][39m [90m[39m
[35m[HTTP][39m [37m-->[39m [37mPOST[39m [37m/wd/hub/session/f8739b60-e523-4f35-b58b-8b6634e6ad54/timeouts[39m
[35m[HTTP][39m [90m{"implicit":30000}[39m
[35m[HTTP][39m [37m<-- POST /wd/hub/session/f8739b60-e523-4f35-b58b-8b6634e6ad54/timeouts [39m[32m200[39m [90m4 ms - 14[39m
[35m[HTTP][39m [90m[39m
[35m[HTTP][39m [37m-->[39m [37mPOST[39m [37m/wd/hub/session/f8739b60-e523-4f35-b58b-8b6634e6ad54/element/71a83d46-cc79-4146-9d94-24ae0b0c8a2b/clear[39m
[35m[HTTP][39m [90m{"id":"71a83d46-cc79-4146-9d94-24ae0b0c8a2b"}[39m
[35m[HTTP][39m [37m<-- POST /wd/hub/session/f8739b60-e523-4f35-b58b-8b6634e6ad54/element/71a83d46-cc79-4146-9d94-24ae0b0c8a2b/clear [39m[32m200[39m [90m70 ms - 14[39m
[35m[HTTP][39m [90m[39m
[35m[HTTP][39m [37m-->[39m [37mPOST[39m [37m/wd/hub/session/f8739b60-e523-4f35-b58b-8b6634e6ad54/element/71a83d46-cc79-4146-9d94-24ae0b0c8a2b/value[39m
[35m[HTTP][39m [90m{"id":"71a83d46-cc79-4146-9d94-24ae0b0c8a2b","text":"1234","value":["1","2","3","4"]}[39m
[35m[HTTP][39m [37m<-- POST /wd/hub/session/f8739b60-e523-4f35-b58b-8b6634e6ad54/element/71a83d46-cc79-4146-9d94-24ae0b0c8a2b/value [39m[32m200[39m [90m1364 ms - 14[39m
[35m[HTTP][39m [90m[39m
[35m[HTTP][39m [37m-->[39m [37mPOST[39m [37m/wd/hub/session/f8739b60-e523-4f35-b58b-8b6634e6ad54/timeouts[39m
[35m[HTTP][39m [90m{"implicit":50}[39m
[35m[HTTP][39m [37m<-- POST /wd/hub/session/f8739b60-e523-4f35-b58b-8b6634e6ad54/timeouts [39m[32m200[39m [90m1 ms - 14[39m
[35m[HTTP][39m [90m[39m
[35m[HTTP][39m [37m-->[39m [37mGET[39m [37m/wd/hub/session/f8739b60-e523-4f35-b58b-8b6634e6ad54/window/rect[39m
[35m[HTTP][39m [90m{}[39m
[35m[HTTP][39m [37m<-- GET /wd/hub/session/f8739b60-e523-4f35-b58b-8b6634e6ad54/window/rect [39m[32m200[39m [90m24 ms - 49[39m
[35m[HTTP][39m [90m[39m
[35m[HTTP][39m [37m-->[39m [37mPOST[39m [37m/wd/hub/session/f8739b60-e523-4f35-b58b-8b6634e6ad54/elements[39m
[35m[HTTP][39m [90m{"using":"xpath","value":"//*[@class = 'android.widget.Button' and (@text = 'Sign in' or . = 'Sign in') and @resource-id = 'com.lenddo.mobile.paylater.staging:id/sign_in_next']"}[39m
[35m[HTTP][39m [37m<-- POST /wd/hub/session/f8739b60-e523-4f35-b58b-8b6634e6ad54/elements [39m[32m200[39m [90m511 ms - 139[39m
[35m[HTTP][39m [90m[39m
[35m[HTTP][39m [37m-->[39m [37mGET[39m [37m/wd/hub/session/f8739b60-e523-4f35-b58b-8b6634e6ad54/element/31ed9e5c-ddee-4fd7-8100-391830fa1585/location[39m
[35m[HTTP][39m [90m{}[39m
[35m[W3C (f8739b60)][39m Driver proxy active, passing request on via HTTP proxy
[35m[WD Proxy][39m Replacing sessionId 2b84704b-0934-4702-ba1d-b633afa9ea33 with f8739b60-e523-4f35-b58b-8b6634e6ad54
[35m[HTTP][39m [37m<-- GET /wd/hub/session/f8739b60-e523-4f35-b58b-8b6634e6ad54/element/31ed9e5c-ddee-4fd7-8100-391830fa1585/location [39m[32m200[39m [90m38 ms - 77[39m
[35m[HTTP][39m [90m[39m
[35m[HTTP][39m [37m-->[39m [37mPOST[39m [37m/wd/hub/session/f8739b60-e523-4f35-b58b-8b6634e6ad54/timeouts[39m
[35m[HTTP][39m [90m{"implicit":30000}[39m
[35m[HTTP][39m [37m<-- POST /wd/hub/session/f8739b60-e523-4f35-b58b-8b6634e6ad54/timeouts [39m[32m200[39m [90m4 ms - 14[39m
[35m[HTTP][39m [90m[39m
[35m[HTTP][39m [37m-->[39m [37mPOST[39m [37m/wd/hub/session/f8739b60-e523-4f35-b58b-8b6634e6ad54/touch/perform[39m
[35m[HTTP][39m [90m{"actions":[{"action":"tap","options":{"x":1,"y":1,"element":"31ed9e5c-ddee-4fd7-8100-391830fa1585"}},{"action":"release","options":{}}]}[39m
[35m[UiAutomator2][39m calling get location: 31ed9e5c-ddee-4fd7-8100-391830fa1585
[35m[HTTP][39m [37m<-- POST /wd/hub/session/f8739b60-e523-4f35-b58b-8b6634e6ad54/touch/perform [39m[32m200[39m [90m1206 ms - 14[39m
[35m[HTTP][39m [90m[39m
[35m[HTTP][39m [37m-->[39m [37mPOST[39m [37m/wd/hub/session/f8739b60-e523-4f35-b58b-8b6634e6ad54/timeouts[39m
[35m[HTTP][39m [90m{"implicit":50}[39m
[35m[HTTP][39m [37m<-- POST /wd/hub/session/f8739b60-e523-4f35-b58b-8b6634e6ad54/timeouts [39m[32m200[39m [90m1 ms - 14[39m
[35m[HTTP][39m [90m[39m
[35m[HTTP][39m [37m-->[39m [37mGET[39m [37m/wd/hub/session/f8739b60-e523-4f35-b58b-8b6634e6ad54/window/rect[39m
[35m[HTTP][39m [90m{}[39m
[35m[HTTP][39m [37m<-- GET /wd/hub/session/f8739b60-e523-4f35-b58b-8b6634e6ad54/window/rect [39m[32m200[39m [90m39 ms - 49[39m
[35m[HTTP][39m [90m[39m
[35m[HTTP][39m [37m-->[39m [37mPOST[39m [37m/wd/hub/session/f8739b60-e523-4f35-b58b-8b6634e6ad54/elements[39m
[35m[HTTP][39m [90m{"using":"xpath","value":"//*[@class = 'android.widget.TextView' and (@text = 'Transactions' or . = 'Transactions')]"}[39m
[35m[HTTP][39m [37m<-- POST /wd/hub/session/f8739b60-e523-4f35-b58b-8b6634e6ad54/elements [39m[32m200[39m [90m90 ms - 12[39m
[35m[HTTP][39m [90m[39m
[35m[HTTP][39m [37m-->[39m [37mPOST[39m [37m/wd/hub/session/f8739b60-e523-4f35-b58b-8b6634e6ad54/elements[39m
[35m[HTTP][39m [90m{"using":"xpath","value":"//*[@class = 'android.widget.TextView' and (@text = 'Transactions' or . = 'Transactions')]"}[39m
[35m[HTTP][39m [37m<-- POST /wd/hub/session/f8739b60-e523-4f35-b58b-8b6634e6ad54/elements [39m[32m200[39m [90m54 ms - 12[39m
[35m[HTTP][39m [90m[39m
[35m[HTTP][39m [37m-->[39m [37mPOST[39m [37m/wd/hub/session/f8739b60-e523-4f35-b58b-8b6634e6ad54/elements[39m
[35m[HTTP][39m [90m{"using":"xpath","value":"//*[@class = 'android.widget.TextView' and (@text = 'Transactions' or . = 'Transactions')]"}[39m
[35m[HTTP][39m [37m<-- POST /wd/hub/session/f8739b60-e523-4f35-b58b-8b6634e6ad54/elements [39m[32m200[39m [90m56 ms - 12[39m
[35m[HTTP][39m [90m[39m
[35m[HTTP][39m [37m-->[39m [37mPOST[39m [37m/wd/hub/session/f8739b60-e523-4f35-b58b-8b6634e6ad54/elements[39m
[35m[HTTP][39m [90m{"using":"xpath","value":"//*[@class = 'android.widget.TextView' and (@text = 'Transactions' or . = 'Transactions')]"}[39m
[35m[HTTP][39m [37m<-- POST /wd/hub/session/f8739b60-e523-4f35-b58b-8b6634e6ad54/elements [39m[32m200[39m [90m52 ms - 12[39m
[35m[HTTP][39m [90m[39m
[35m[HTTP][39m [37m-->[39m [37mPOST[39m [37m/wd/hub/session/f8739b60-e523-4f35-b58b-8b6634e6ad54/elements[39m
[35m[HTTP][39m [90m{"using":"xpath","value":"//*[@class = 'android.widget.TextView' and (@text = 'Transactions' or . = 'Transactions')]"}[39m
[35m[HTTP][39m [37m<-- POST /wd/hub/session/f8739b60-e523-4f35-b58b-8b6634e6ad54/elements [39m[32m200[39m [90m620 ms - 12[39m
[35m[HTTP][39m [90m[39m
[35m[HTTP][39m [37m-->[39m [37mPOST[39m [37m/wd/hub/session/f8739b60-e523-4f35-b58b-8b6634e6ad54/elements[39m
[35m[HTTP][39m [90m{"using":"xpath","value":"//*[@class = 'android.widget.TextView' and (@text = 'Transactions' or . = 'Transactions')]"}[39m
[35m[HTTP][39m [37m<-- POST /wd/hub/session/f8739b60-e523-4f35-b58b-8b6634e6ad54/elements [39m[32m200[39m [90m656 ms - 12[39m
[35m[HTTP][39m [90m[39m
[35m[HTTP][39m [37m-->[39m [37mPOST[39m [37m/wd/hub/session/f8739b60-e523-4f35-b58b-8b6634e6ad54/elements[39m
[35m[HTTP][39m [90m{"using":"xpath","value":"//*[@class = 'android.widget.TextView' and (@text = 'Transactions' or . = 'Transactions')]"}[39m
[35m[HTTP][39m [37m<-- POST /wd/hub/session/f8739b60-e523-4f35-b58b-8b6634e6ad54/elements [39m[32m200[39m [90m63 ms - 12[39m
[35m[HTTP][39m [90m[39m
[35m[HTTP][39m [37m-->[39m [37mPOST[39m [37m/wd/hub/session/f8739b60-e523-4f35-b58b-8b6634e6ad54/elements[39m
[35m[HTTP][39m [90m{"using":"xpath","value":"//*[@class = 'android.widget.TextView' and (@text = 'Transactions' or . = 'Transactions')]"}[39m
[35m[HTTP][39m [37m<-- POST /wd/hub/session/f8739b60-e523-4f35-b58b-8b6634e6ad54/elements [39m[32m200[39m [90m567 ms - 12[39m
[35m[HTTP][39m [90m[39m
[35m[HTTP][39m [37m-->[39m [37mPOST[39m [37m/wd/hub/session/f8739b60-e523-4f35-b58b-8b6634e6ad54/elements[39m
[35m[HTTP][39m [90m{"using":"xpath","value":"//*[@class = 'android.widget.TextView' and (@text = 'Transactions' or . = 'Transactions')]"}[39m
[35m[HTTP][39m [37m<-- POST /wd/hub/session/f8739b60-e523-4f35-b58b-8b6634e6ad54/elements [39m[32m200[39m [90m91 ms - 12[39m
[35m[HTTP][39m [90m[39m
[35m[HTTP][39m [37m-->[39m [37mPOST[39m [37m/wd/hub/session/f8739b60-e523-4f35-b58b-8b6634e6ad54/elements[39m
[35m[HTTP][39m [90m{"using":"xpath","value":"//*[@class = 'android.widget.TextView' and (@text = 'Transactions' or . = 'Transactions')]"}[39m
[35m[HTTP][39m [37m<-- POST /wd/hub/session/f8739b60-e523-4f35-b58b-8b6634e6ad54/elements [39m[32m200[39m [90m85 ms - 12[39m
[35m[HTTP][39m [90m[39m
[35m[HTTP][39m [37m-->[39m [37mPOST[39m [37m/wd/hub/session/f8739b60-e523-4f35-b58b-8b6634e6ad54/elements[39m
[35m[HTTP][39m [90m{"using":"xpath","value":"//*[@class = 'android.widget.TextView' and (@text = 'Transactions' or . = 'Transactions')]"}[39m
[35m[HTTP][39m [37m<-- POST /wd/hub/session/f8739b60-e523-4f35-b58b-8b6634e6ad54/elements [39m[32m200[39m [90m93 ms - 12[39m
[35m[HTTP][39m [90m[39m
[35m[HTTP][39m [37m-->[39m [37mPOST[39m [37m/wd/hub/session/f8739b60-e523-4f35-b58b-8b6634e6ad54/elements[39m
[35m[HTTP][39m [90m{"using":"xpath","value":"//*[@class = 'android.widget.TextView' and (@text = 'Transactions' or . = 'Transactions')]"}[39m
[35m[HTTP][39m [37m<-- POST /wd/hub/session/f8739b60-e523-4f35-b58b-8b6634e6ad54/elements [39m[32m200[39m [90m82 ms - 12[39m
[35m[HTTP][39m [90m[39m
[35m[HTTP][39m [37m-->[39m [37mPOST[39m [37m/wd/hub/session/f8739b60-e523-4f35-b58b-8b6634e6ad54/elements[39m
[35m[HTTP][39m [90m{"using":"xpath","value":"//*[@class = 'android.widget.TextView' and (@text = 'Transactions' or . = 'Transactions')]"}[39m
[35m[HTTP][39m [37m<-- POST /wd/hub/session/f8739b60-e523-4f35-b58b-8b6634e6ad54/elements [39m[32m200[39m [90m77 ms - 12[39m
[35m[HTTP][39m [90m[39m
[35m[HTTP][39m [37m-->[39m [37mPOST[39m [37m/wd/hub/session/f8739b60-e523-4f35-b58b-8b6634e6ad54/elements[39m
[35m[HTTP][39m [90m{"using":"xpath","value":"//*[@class = 'android.widget.TextView' and (@text = 'Transactions' or . = 'Transactions')]"}[39m
[35m[HTTP][39m [37m<-- POST /wd/hub/session/f8739b60-e523-4f35-b58b-8b6634e6ad54/elements [39m[32m200[39m [90m75 ms - 12[39m
[35m[HTTP][39m [90m[39m
[35m[HTTP][39m [37m-->[39m [37mPOST[39m [37m/wd/hub/session/f8739b60-e523-4f35-b58b-8b6634e6ad54/elements[39m
[35m[HTTP][39m [90m{"using":"xpath","value":"//*[@class = 'android.widget.TextView' and (@text = 'Transactions' or . = 'Transactions')]"}[39m
[35m[HTTP][39m [37m<-- POST /wd/hub/session/f8739b60-e523-4f35-b58b-8b6634e6ad54/elements [39m[32m200[39m [90m93 ms - 12[39m
[35m[HTTP][39m [90m[39m
[35m[HTTP][39m [37m-->[39m [37mPOST[39m [37m/wd/hub/session/f8739b60-e523-4f35-b58b-8b6634e6ad54/elements[39m
[35m[HTTP][39m [90m{"using":"xpath","value":"//*[@class = 'android.widget.TextView' and (@text = 'Transactions' or . = 'Transactions')]"}[39m
[35m[HTTP][39m [37m<-- POST /wd/hub/session/f8739b60-e523-4f35-b58b-8b6634e6ad54/elements [39m[32m200[39m [90m2560 ms - 12[39m
[35m[HTTP][39m [90m[39m
[35m[HTTP][39m [37m-->[39m [37mPOST[39m [37m/wd/hub/session/f8739b60-e523-4f35-b58b-8b6634e6ad54/elements[39m
[35m[HTTP][39m [90m{"using":"xpath","value":"//*[@class = 'android.widget.TextView' and (@text = 'Transactions' or . = 'Transactions')]"}[39m
[35m[HTTP][39m [37m<-- POST /wd/hub/session/f8739b60-e523-4f35-b58b-8b6634e6ad54/elements [39m[32m200[39m [90m684 ms - 12[39m
[35m[HTTP][39m [90m[39m
[35m[HTTP][39m [37m-->[39m [37mPOST[39m [37m/wd/hub/session/f8739b60-e523-4f35-b58b-8b6634e6ad54/elements[39m
[35m[HTTP][39m [90m{"using":"xpath","value":"//*[@class = 'android.widget.TextView' and (@text = 'Transactions' or . = 'Transactions')]"}[39m
[35m[HTTP][39m [37m<-- POST /wd/hub/session/f8739b60-e523-4f35-b58b-8b6634e6ad54/elements [39m[32m200[39m [90m60 ms - 12[39m
[35m[HTTP][39m [90m[39m
[35m[HTTP][39m [37m-->[39m [37mPOST[39m [37m/wd/hub/session/f8739b60-e523-4f35-b58b-8b6634e6ad54/elements[39m
[35m[HTTP][39m [90m{"using":"xpath","value":"//*[@class = 'android.widget.TextView' and (@text = 'Transactions' or . = 'Transactions')]"}[39m
[35m[HTTP][39m [37m<-- POST /wd/hub/session/f8739b60-e523-4f35-b58b-8b6634e6ad54/elements [39m[32m200[39m [90m57 ms - 12[39m
[35m[HTTP][39m [90m[39m
[35m[HTTP][39m [37m-->[39m [37mPOST[39m [37m/wd/hub/session/f8739b60-e523-4f35-b58b-8b6634e6ad54/elements[39m
[35m[HTTP][39m [90m{"using":"xpath","value":"//*[@class = 'android.widget.TextView' and (@text = 'Transactions' or . = 'Transactions')]"}[39m
[35m[HTTP][39m [37m<-- POST /wd/hub/session/f8739b60-e523-4f35-b58b-8b6634e6ad54/elements [39m[32m200[39m [90m67 ms - 12[39m
[35m[HTTP][39m [90m[39m
[35m[HTTP][39m [37m-->[39m [37mPOST[39m [37m/wd/hub/session/f8739b60-e523-4f35-b58b-8b6634e6ad54/elements[39m
[35m[HTTP][39m [90m{"using":"xpath","value":"//*[@class = 'android.widget.TextView' and (@text = 'Transactions' or . = 'Transactions')]"}[39m
[35m[HTTP][39m [37m<-- POST /wd/hub/session/f8739b60-e523-4f35-b58b-8b6634e6ad54/elements [39m[32m200[39m [90m54 ms - 12[39m
[35m[HTTP][39m [90m[39m
[35m[HTTP][39m [37m-->[39m [37mPOST[39m [37m/wd/hub/session/f8739b60-e523-4f35-b58b-8b6634e6ad54/elements[39m
[35m[HTTP][39m [90m{"using":"xpath","value":"//*[@class = 'android.widget.TextView' and (@text = 'Transactions' or . = 'Transactions')]"}[39m
[35m[HTTP][39m [37m<-- POST /wd/hub/session/f8739b60-e523-4f35-b58b-8b6634e6ad54/elements [39m[32m200[39m [90m62 ms - 12[39m
[35m[HTTP][39m [90m[39m
[35m[HTTP][39m [37m-->[39m [37mPOST[39m [37m/wd/hub/session/f8739b60-e523-4f35-b58b-8b6634e6ad54/elements[39m
[35m[HTTP][39m [90m{"using":"xpath","value":"//*[@class = 'android.widget.TextView' and (@text = 'Transactions' or . = 'Transactions')]"}[39m
[35m[HTTP][39m [37m<-- POST /wd/hub/session/f8739b60-e523-4f35-b58b-8b6634e6ad54/elements [39m[32m200[39m [90m2034 ms - 139[39m
[35m[HTTP][39m [90m[39m
[35m[HTTP][39m [37m-->[39m [37mGET[39m [37m/wd/hub/session/f8739b60-e523-4f35-b58b-8b6634e6ad54/element/51425427-0f42-4cc9-afbb-22beccd28f35/location[39m
[35m[HTTP][39m [90m{}[39m
[35m[W3C (f8739b60)][39m Driver proxy active, passing request on via HTTP proxy
[35m[WD Proxy][39m Got response with status 404: {"sessionId":"2b84704b-0934-4702-ba1d-b633afa9ea33","value":{"error":"stale element reference","message":"Cached elements 'By.xpath: //*[@class = 'android.widget.TextView' and (@text = 'Transactions' or . = 'Transactions')]' do not exist in DOM anymore","stacktrace":"io.appium.uiautomator2.common.exceptions.StaleElementReferenceException: Cached elements 'By.xpath: //*[@class = 'android.widget.TextView' and (@text = 'Transactions' or . = 'Transactions')]' do not exist in DOM anymore\n\tat io.appium.uiautomator2.model.ElementsCache.restore(ElementsCache.java:72)\n\tat io.appium.uiautomator2.model.ElementsCache.get(ElementsCache.java:145)\n\tat io.appium.uiautomator2.handler.Location.safeHandle(Location.java:23)\n\tat io.appium.uiautomator2.handler.request.SafeRequestHandler.handle(SafeRequestHandler.java:41)\n\tat io.appium.uiautomator2.server.AppiumServlet.handleRequest(AppiumServlet.java:261)\n\tat io.appium.uiautomator2.server.AppiumServlet.handleHttpRequest(AppiumServlet.java:255)\n\tat io.appium.uiauto...
[35m[HTTP][39m [37m<-- GET /wd/hub/session/f8739b60-e523-4f35-b58b-8b6634e6ad54/element/51425427-0f42-4cc9-afbb-22beccd28f35/location [39m[33m404[39m [90m1055 ms - 4079[39m
[35m[HTTP][39m [90m[39m
[35m[HTTP][39m [37m-->[39m [37mPOST[39m [37m/wd/hub/session/f8739b60-e523-4f35-b58b-8b6634e6ad54/timeouts[39m
[35m[HTTP][39m [90m{"implicit":30000}[39m
[35m[HTTP][39m [37m<-- POST /wd/hub/session/f8739b60-e523-4f35-b58b-8b6634e6ad54/timeouts [39m[32m200[39m [90m1 ms - 14[39m
[35m[HTTP][39m [90m[39m
[35m[HTTP][39m [37m-->[39m [37mGET[39m [37m/wd/hub/session/f8739b60-e523-4f35-b58b-8b6634e6ad54/context[39m
[35m[HTTP][39m [90m{}[39m
[35m[HTTP][39m [37m<-- GET /wd/hub/session/f8739b60-e523-4f35-b58b-8b6634e6ad54/context [39m[32m200[39m [90m1 ms - 22[39m
[35m[HTTP][39m [90m[39m
[35m[HTTP][39m [37m-->[39m [37mGET[39m [37m/wd/hub/session/f8739b60-e523-4f35-b58b-8b6634e6ad54/contexts[39m
[35m[HTTP][39m [90m{}[39m
[35m[HTTP][39m [37m<-- GET /wd/hub/session/f8739b60-e523-4f35-b58b-8b6634e6ad54/contexts [39m[32m200[39m [90m95 ms - 24[39m
[35m[HTTP][39m [90m[39m
[35m[HTTP][39m [37m-->[39m [37mPOST[39m [37m/wd/hub/session/f8739b60-e523-4f35-b58b-8b6634e6ad54/context[39m
[35m[HTTP][39m [90m{"name":"NATIVE_APP"}[39m
[35m[HTTP][39m [37m<-- POST /wd/hub/session/f8739b60-e523-4f35-b58b-8b6634e6ad54/context [39m[32m200[39m [90m2 ms - 14[39m
[35m[HTTP][39m [90m[39m
[35m[HTTP][39m [37m-->[39m [37mGET[39m [37m/wd/hub/session/f8739b60-e523-4f35-b58b-8b6634e6ad54/screenshot[39m
[35m[HTTP][39m [90m{}[39m
[35m[HTTP][39m [37m<-- GET /wd/hub/session/f8739b60-e523-4f35-b58b-8b6634e6ad54/screenshot [39m[32m200[39m [90m718 ms - 129054[39m
[35m[HTTP][39m [90m[39m
[35m[HTTP][39m [37m-->[39m [37mPOST[39m [37m/wd/hub/session/f8739b60-e523-4f35-b58b-8b6634e6ad54/context[39m
[35m[HTTP][39m [90m{"name":"NATIVE_APP"}[39m
[35m[HTTP][39m [37m<-- POST /wd/hub/session/f8739b60-e523-4f35-b58b-8b6634e6ad54/context [39m[32m200[39m [90m2 ms - 14[39m
[35m[HTTP][39m [90m[39m
[35m[HTTP][39m [37m-->[39m [37mDELETE[39m [37m/wd/hub/session/f8739b60-e523-4f35-b58b-8b6634e6ad54[39m
[35m[HTTP][39m [90m{}[39m
[35m[Appium][39m Removing session f8739b60-e523-4f35-b58b-8b6634e6ad54 from our master session list
[35m[ADB][39m com.lenddo.mobile.paylater.staging was successfully uninstalled
[35m[UiAutomator2][39m Restoring hidden api policy to the device default configuration
[35m[HTTP][39m [37m<-- DELETE /wd/hub/session/f8739b60-e523-4f35-b58b-8b6634e6ad54 [39m[32m200[39m [90m2543 ms - 14[39m
[35m[HTTP][39m [90m[39m
