[35m[Appium][39m Welcome to Appium v1.20.2
[35m[Appium][39m Non-default server args:
[35m[Appium][39m   port: 51422
[35m[Appium][39m   loglevel: info
[35m[Appium][39m   tmpDir: C:\Users\user\AppData\Local\Temp\\Katalon\Appium\Temp1635776543693
[35m[Appium][39m   chromedriverPort: 51423
[35m[Appium][39m Deprecated server args:
[35m[Appium][39m   [31m--chromedriver-port[39m => --default-capabilities
[35m[Appium][39m Default capabilities, which will be added to each request unless overridden by desired capabilities:
[35m[Appium][39m   chromedriverPort: 51423
[35m[Appium][39m Appium REST http interface listener started on 0.0.0.0:51422
[35m[HTTP][39m [37m-->[39m [37mGET[39m [37m/wd/hub/status[39m
[35m[HTTP][39m [90m{}[39m
[35m[HTTP][39m [37m<-- GET /wd/hub/status [39m[32m200[39m [90m10 ms - 68[39m
[35m[HTTP][39m [90m[39m
[35m[HTTP][39m [37m-->[39m [37mPOST[39m [37m/wd/hub/session[39m
[35m[HTTP][39m [90m{"desiredCapabilities":{"app":"C:\\Users\\user\\Desktop\\carbon\\carbon_ng-v6.7.1_signed.apk","noReset":false,"deviceId":"","deviceName":"TECNO MOBILE LIMITED TECNO KD7 (Android 10)","fullReset":true,"platform":"ANDROID","newCommandTimeout":1800,"platformVersion":"10","automationName":"UiAutomator2","autoGrantPermissions":true,"platformName":"Android","udid":"060403712G006230","systemPort":51421},"capabilities":{"firstMatch":[{"appium:app":"C:\\Users\\user\\Desktop\\carbon\\carbon_ng-v6.7.1_signed.apk","appium:autoGrantPermissions":true,"appium:automationName":"UiAutomator2","deviceId":"","appium:deviceName":"TECNO MOBILE LIMITED TECNO KD7 (Android 10)","appium:fullReset":true,"appium:newCommandTimeout":1800,"appium:noReset":false,"platform":"ANDROID","platformName":"android","appium:platformVersion":"10","appium:systemPort":51421,"appium:udid":"060403712G006230"}]}}[39m
[35m[BaseDriver][39m The following capabilities are not standard capabilities and should have an extension prefix:
[35m[BaseDriver][39m   deviceId
[35m[BaseDriver][39m   platform
[35m[BaseDriver][39m   chromedriverPort
[35m[Appium][39m Appium v1.20.2 creating new AndroidUiautomator2Driver (v1.61.2) session
[35m[BaseDriver][39m The following capabilities were provided, but are not recognized by Appium:
[35m[BaseDriver][39m   deviceId
[35m[BaseDriver][39m   platform
[35m[BaseDriver][39m Session created with session id: fa688015-a40e-4a9b-bcd6-cf56498dad5b
[35m[BaseDriver][39m Using local app 'C:\Users\user\Desktop\carbon\carbon_ng-v6.7.1_signed.apk'
[35m[ADB][39m Found 1 'build-tools' folders under 'C:\Users\user\.katalon\tools\android_sdk' (newest first):
[35m[ADB][39m     C:/Users/user/.katalon/tools/android_sdk/build-tools/29.0.3
[35m[ADB][39m Using 'adb.exe' from 'C:\Users\user\.katalon\tools\android_sdk\platform-tools\adb.exe'
[35m[AndroidDriver][39m Retrieving device list
[35m[AndroidDriver][39m Using device: 060403712G006230
[35m[ADB][39m Using 'adb.exe' from 'C:\Users\user\.katalon\tools\android_sdk\platform-tools\adb.exe'
[35m[ADB][39m Getting device platform version
[35m[UiAutomator2][39m Relaxing hidden api policy
[35m[ADB][39m Package name: 'com.lenddo.mobile.paylater.staging'
[35m[ADB][39m Main activity name: 'com.lenddo.mobile.paylater.home.activity.SplashScreenActivity'
[35m[ADB][39m Using 'apksigner.jar' from 'C:\Users\user\.katalon\tools\android_sdk\build-tools\29.0.3\lib\apksigner.jar'
[35m[ADB][39m 'C:\Users\user\AppData\Roaming\npm\node_modules\appium\node_modules\appium-uiautomator2-server\apks\appium-uiautomator2-server-v4.17.4.apk' is signed with the default certificate
[35m[ADB][39m 'C:\Users\user\AppData\Roaming\npm\node_modules\appium\node_modules\appium-uiautomator2-server\apks\appium-uiautomator2-server-debug-androidTest.apk' is signed with the default certificate
[35m[UiAutomator2][39m Server packages are not going to be (re)installed
[35m[ADB][39m Adding packages ["io.appium.settings","io.appium.uiautomator2.server","io.appium.uiautomator2.server.test"] to Doze whitelist
[35m[ADB][39m 'C:\Users\user\Desktop\carbon\carbon_ng-v6.7.1_signed.apk' is signed with a non-default certificate
[35m[ADB][39m com.lenddo.mobile.paylater.staging was successfully uninstalled
[35m[ADB][39m The application at 'C:\Users\user\Desktop\carbon\carbon_ng-v6.7.1_signed.apk' will not be cached, because the device under test has confirmed the support of streamed installs
[35m[ADB][39m The installation of 'carbon_ng-v6.7.1_signed.apk' took 7079ms
[35m[UiAutomator2][39m Starting UIAutomator2 server 4.17.4
[35m[UiAutomator2][39m Using UIAutomator2 server from 'C:\Users\user\AppData\Roaming\npm\node_modules\appium\node_modules\appium-uiautomator2-server\apks\appium-uiautomator2-server-v4.17.4.apk' and test from 'C:\Users\user\AppData\Roaming\npm\node_modules\appium\node_modules\appium-uiautomator2-server\apks\appium-uiautomator2-server-debug-androidTest.apk'
[35m[UiAutomator2][39m Waiting up to 30000ms for UiAutomator2 to be online...
[35m[WD Proxy][39m socket hang up
[35m[WD Proxy][39m socket hang up
[35m[WD Proxy][39m socket hang up
[35m[WD Proxy][39m socket hang up
[35m[WD Proxy][39m socket hang up
[35m[WD Proxy][39m socket hang up
[35m[WD Proxy][39m Determined the downstream protocol as 'W3C'
[35m[AndroidDriver][39m Screen already unlocked, doing nothing
[35m[UiAutomator2][39m Starting 'com.lenddo.mobile.paylater.staging/com.lenddo.mobile.paylater.home.activity.SplashScreenActivity and waiting for 'com.lenddo.mobile.paylater.staging/com.lenddo.mobile.paylater.home.activity.SplashScreenActivity'
[35m[Appium][39m New AndroidUiautomator2Driver session created successfully, session fa688015-a40e-4a9b-bcd6-cf56498dad5b added to master session list
[35m[HTTP][39m [37m<-- POST /wd/hub/session [39m[32m200[39m [90m28584 ms - 1362[39m
[35m[HTTP][39m [90m[39m
[35m[HTTP][39m [37m-->[39m [37mGET[39m [37m/wd/hub/session/fa688015-a40e-4a9b-bcd6-cf56498dad5b[39m
[35m[HTTP][39m [90m{}[39m
[35m[HTTP][39m [37m<-- GET /wd/hub/session/fa688015-a40e-4a9b-bcd6-cf56498dad5b [39m[32m200[39m [90m19 ms - 1316[39m
[35m[HTTP][39m [90m[39m
[35m[HTTP][39m [37m-->[39m [37mGET[39m [37m/wd/hub/session/fa688015-a40e-4a9b-bcd6-cf56498dad5b[39m
[35m[HTTP][39m [90m{}[39m
[35m[HTTP][39m [37m<-- GET /wd/hub/session/fa688015-a40e-4a9b-bcd6-cf56498dad5b [39m[32m200[39m [90m18 ms - 1316[39m
[35m[HTTP][39m [90m[39m
[35m[HTTP][39m [37m-->[39m [37mGET[39m [37m/wd/hub/status[39m
[35m[HTTP][39m [90m{}[39m
[35m[HTTP][39m [37m<-- GET /wd/hub/status [39m[32m200[39m [90m2 ms - 68[39m
[35m[HTTP][39m [90m[39m
[35m[HTTP][39m [37m-->[39m [37mPOST[39m [37m/wd/hub/session/fa688015-a40e-4a9b-bcd6-cf56498dad5b/timeouts[39m
[35m[HTTP][39m [90m{"implicit":30000}[39m
[35m[HTTP][39m [37m<-- POST /wd/hub/session/fa688015-a40e-4a9b-bcd6-cf56498dad5b/timeouts [39m[32m200[39m [90m4 ms - 14[39m
[35m[HTTP][39m [90m[39m
[35m[HTTP][39m [37m-->[39m [37mGET[39m [37m/wd/hub/session/fa688015-a40e-4a9b-bcd6-cf56498dad5b/screenshot[39m
[35m[HTTP][39m [90m{}[39m
[35m[HTTP][39m [37m<-- GET /wd/hub/session/fa688015-a40e-4a9b-bcd6-cf56498dad5b/screenshot [39m[32m200[39m [90m721 ms - 31722[39m
[35m[HTTP][39m [90m[39m
[35m[HTTP][39m [37m-->[39m [37mGET[39m [37m/wd/hub/session/fa688015-a40e-4a9b-bcd6-cf56498dad5b/window/rect[39m
[35m[HTTP][39m [90m{}[39m
[35m[HTTP][39m [37m<-- GET /wd/hub/session/fa688015-a40e-4a9b-bcd6-cf56498dad5b/window/rect [39m[32m200[39m [90m27 ms - 49[39m
[35m[HTTP][39m [90m[39m
[35m[HTTP][39m [37m-->[39m [37mGET[39m [37m/wd/hub/session/fa688015-a40e-4a9b-bcd6-cf56498dad5b/appium/device/system_bars[39m
[35m[HTTP][39m [90m{}[39m
[35m[HTTP][39m [37m<-- GET /wd/hub/session/fa688015-a40e-4a9b-bcd6-cf56498dad5b/appium/device/system_bars [39m[32m200[39m [90m172 ms - 145[39m
[35m[HTTP][39m [90m[39m
[35m[HTTP][39m [37m-->[39m [37mPOST[39m [37m/wd/hub/session/fa688015-a40e-4a9b-bcd6-cf56498dad5b/timeouts[39m
[35m[HTTP][39m [90m{"implicit":50}[39m
[35m[HTTP][39m [37m<-- POST /wd/hub/session/fa688015-a40e-4a9b-bcd6-cf56498dad5b/timeouts [39m[32m200[39m [90m4 ms - 14[39m
[35m[HTTP][39m [90m[39m
[35m[HTTP][39m [37m-->[39m [37mGET[39m [37m/wd/hub/session/fa688015-a40e-4a9b-bcd6-cf56498dad5b/window/rect[39m
[35m[HTTP][39m [90m{}[39m
[35m[HTTP][39m [37m<-- GET /wd/hub/session/fa688015-a40e-4a9b-bcd6-cf56498dad5b/window/rect [39m[32m200[39m [90m24 ms - 49[39m
[35m[HTTP][39m [90m[39m
[35m[HTTP][39m [37m-->[39m [37mPOST[39m [37m/wd/hub/session/fa688015-a40e-4a9b-bcd6-cf56498dad5b/elements[39m
[35m[HTTP][39m [90m{"using":"xpath","value":"//*[@class = 'android.widget.Button' and (@text = 'Skip' or . = 'Skip') and @resource-id = 'com.lenddo.mobile.paylater.staging:id/tutorial_skip']"}[39m
[35m[HTTP][39m [37m<-- POST /wd/hub/session/fa688015-a40e-4a9b-bcd6-cf56498dad5b/elements [39m[32m200[39m [90m168 ms - 12[39m
[35m[HTTP][39m [90m[39m
[35m[HTTP][39m [37m-->[39m [37mPOST[39m [37m/wd/hub/session/fa688015-a40e-4a9b-bcd6-cf56498dad5b/elements[39m
[35m[HTTP][39m [90m{"using":"xpath","value":"//*[@class = 'android.widget.Button' and (@text = 'Skip' or . = 'Skip') and @resource-id = 'com.lenddo.mobile.paylater.staging:id/tutorial_skip']"}[39m
[35m[HTTP][39m [37m<-- POST /wd/hub/session/fa688015-a40e-4a9b-bcd6-cf56498dad5b/elements [39m[32m200[39m [90m63 ms - 12[39m
[35m[HTTP][39m [90m[39m
[35m[HTTP][39m [37m-->[39m [37mPOST[39m [37m/wd/hub/session/fa688015-a40e-4a9b-bcd6-cf56498dad5b/elements[39m
[35m[HTTP][39m [90m{"using":"xpath","value":"//*[@class = 'android.widget.Button' and (@text = 'Skip' or . = 'Skip') and @resource-id = 'com.lenddo.mobile.paylater.staging:id/tutorial_skip']"}[39m
[35m[HTTP][39m [37m<-- POST /wd/hub/session/fa688015-a40e-4a9b-bcd6-cf56498dad5b/elements [39m[32m200[39m [90m64 ms - 12[39m
[35m[HTTP][39m [90m[39m
[35m[HTTP][39m [37m-->[39m [37mPOST[39m [37m/wd/hub/session/fa688015-a40e-4a9b-bcd6-cf56498dad5b/elements[39m
[35m[HTTP][39m [90m{"using":"xpath","value":"//*[@class = 'android.widget.Button' and (@text = 'Skip' or . = 'Skip') and @resource-id = 'com.lenddo.mobile.paylater.staging:id/tutorial_skip']"}[39m
[35m[HTTP][39m [37m<-- POST /wd/hub/session/fa688015-a40e-4a9b-bcd6-cf56498dad5b/elements [39m[32m200[39m [90m95 ms - 12[39m
[35m[HTTP][39m [90m[39m
[35m[HTTP][39m [37m-->[39m [37mPOST[39m [37m/wd/hub/session/fa688015-a40e-4a9b-bcd6-cf56498dad5b/elements[39m
[35m[HTTP][39m [90m{"using":"xpath","value":"//*[@class = 'android.widget.Button' and (@text = 'Skip' or . = 'Skip') and @resource-id = 'com.lenddo.mobile.paylater.staging:id/tutorial_skip']"}[39m
[35m[HTTP][39m [37m<-- POST /wd/hub/session/fa688015-a40e-4a9b-bcd6-cf56498dad5b/elements [39m[32m200[39m [90m427 ms - 12[39m
[35m[HTTP][39m [90m[39m
[35m[HTTP][39m [37m-->[39m [37mPOST[39m [37m/wd/hub/session/fa688015-a40e-4a9b-bcd6-cf56498dad5b/elements[39m
[35m[HTTP][39m [90m{"using":"xpath","value":"//*[@class = 'android.widget.Button' and (@text = 'Skip' or . = 'Skip') and @resource-id = 'com.lenddo.mobile.paylater.staging:id/tutorial_skip']"}[39m
[35m[HTTP][39m [37m<-- POST /wd/hub/session/fa688015-a40e-4a9b-bcd6-cf56498dad5b/elements [39m[32m200[39m [90m1205 ms - 139[39m
[35m[HTTP][39m [90m[39m
[35m[HTTP][39m [37m-->[39m [37mGET[39m [37m/wd/hub/session/fa688015-a40e-4a9b-bcd6-cf56498dad5b/element/7c3cd036-17a2-43ba-a105-058fd0d0a628/location[39m
[35m[HTTP][39m [90m{}[39m
[35m[W3C (fa688015)][39m Driver proxy active, passing request on via HTTP proxy
[35m[WD Proxy][39m Replacing sessionId 1438c34b-e091-4d34-97fa-348963364b91 with fa688015-a40e-4a9b-bcd6-cf56498dad5b
[35m[HTTP][39m [37m<-- GET /wd/hub/session/fa688015-a40e-4a9b-bcd6-cf56498dad5b/element/7c3cd036-17a2-43ba-a105-058fd0d0a628/location [39m[32m200[39m [90m37 ms - 78[39m
[35m[HTTP][39m [90m[39m
[35m[HTTP][39m [37m-->[39m [37mPOST[39m [37m/wd/hub/session/fa688015-a40e-4a9b-bcd6-cf56498dad5b/timeouts[39m
[35m[HTTP][39m [90m{"implicit":30000}[39m
[35m[HTTP][39m [37m<-- POST /wd/hub/session/fa688015-a40e-4a9b-bcd6-cf56498dad5b/timeouts [39m[32m200[39m [90m1 ms - 14[39m
[35m[HTTP][39m [90m[39m
[35m[HTTP][39m [37m-->[39m [37mPOST[39m [37m/wd/hub/session/fa688015-a40e-4a9b-bcd6-cf56498dad5b/touch/perform[39m
[35m[HTTP][39m [90m{"actions":[{"action":"tap","options":{"x":1,"y":1,"element":"7c3cd036-17a2-43ba-a105-058fd0d0a628"}},{"action":"release","options":{}}]}[39m
[35m[UiAutomator2][39m calling get location: 7c3cd036-17a2-43ba-a105-058fd0d0a628
[35m[HTTP][39m [37m<-- POST /wd/hub/session/fa688015-a40e-4a9b-bcd6-cf56498dad5b/touch/perform [39m[32m200[39m [90m212 ms - 14[39m
[35m[HTTP][39m [90m[39m
[35m[HTTP][39m [37m-->[39m [37mPOST[39m [37m/wd/hub/session/fa688015-a40e-4a9b-bcd6-cf56498dad5b/timeouts[39m
[35m[HTTP][39m [90m{"implicit":50}[39m
[35m[HTTP][39m [37m<-- POST /wd/hub/session/fa688015-a40e-4a9b-bcd6-cf56498dad5b/timeouts [39m[32m200[39m [90m1 ms - 14[39m
[35m[HTTP][39m [90m[39m
[35m[HTTP][39m [37m-->[39m [37mGET[39m [37m/wd/hub/session/fa688015-a40e-4a9b-bcd6-cf56498dad5b/window/rect[39m
[35m[HTTP][39m [90m{}[39m
[35m[HTTP][39m [37m<-- GET /wd/hub/session/fa688015-a40e-4a9b-bcd6-cf56498dad5b/window/rect [39m[32m200[39m [90m19 ms - 49[39m
[35m[HTTP][39m [90m[39m
[35m[HTTP][39m [37m-->[39m [37mPOST[39m [37m/wd/hub/session/fa688015-a40e-4a9b-bcd6-cf56498dad5b/elements[39m
[35m[HTTP][39m [90m{"using":"xpath","value":"//*[@class = 'android.widget.Button' and (@text = 'Sign In' or . = 'Sign In') and @resource-id = 'com.lenddo.mobile.paylater.staging:id/user_type_existing']"}[39m
[35m[HTTP][39m [37m<-- POST /wd/hub/session/fa688015-a40e-4a9b-bcd6-cf56498dad5b/elements [39m[32m200[39m [90m1522 ms - 12[39m
[35m[HTTP][39m [90m[39m
[35m[HTTP][39m [37m-->[39m [37mPOST[39m [37m/wd/hub/session/fa688015-a40e-4a9b-bcd6-cf56498dad5b/elements[39m
[35m[HTTP][39m [90m{"using":"xpath","value":"//*[@class = 'android.widget.Button' and (@text = 'Sign In' or . = 'Sign In') and @resource-id = 'com.lenddo.mobile.paylater.staging:id/user_type_existing']"}[39m
[35m[HTTP][39m [37m<-- POST /wd/hub/session/fa688015-a40e-4a9b-bcd6-cf56498dad5b/elements [39m[32m200[39m [90m85 ms - 12[39m
[35m[HTTP][39m [90m[39m
[35m[HTTP][39m [37m-->[39m [37mPOST[39m [37m/wd/hub/session/fa688015-a40e-4a9b-bcd6-cf56498dad5b/elements[39m
[35m[HTTP][39m [90m{"using":"xpath","value":"//*[@class = 'android.widget.Button' and (@text = 'Sign In' or . = 'Sign In') and @resource-id = 'com.lenddo.mobile.paylater.staging:id/user_type_existing']"}[39m
[35m[HTTP][39m [37m<-- POST /wd/hub/session/fa688015-a40e-4a9b-bcd6-cf56498dad5b/elements [39m[32m200[39m [90m92 ms - 12[39m
[35m[HTTP][39m [90m[39m
[35m[HTTP][39m [37m-->[39m [37mPOST[39m [37m/wd/hub/session/fa688015-a40e-4a9b-bcd6-cf56498dad5b/elements[39m
[35m[HTTP][39m [90m{"using":"xpath","value":"//*[@class = 'android.widget.Button' and (@text = 'Sign In' or . = 'Sign In') and @resource-id = 'com.lenddo.mobile.paylater.staging:id/user_type_existing']"}[39m
[35m[HTTP][39m [37m<-- POST /wd/hub/session/fa688015-a40e-4a9b-bcd6-cf56498dad5b/elements [39m[32m200[39m [90m94 ms - 12[39m
[35m[HTTP][39m [90m[39m
[35m[HTTP][39m [37m-->[39m [37mPOST[39m [37m/wd/hub/session/fa688015-a40e-4a9b-bcd6-cf56498dad5b/elements[39m
[35m[HTTP][39m [90m{"using":"xpath","value":"//*[@class = 'android.widget.Button' and (@text = 'Sign In' or . = 'Sign In') and @resource-id = 'com.lenddo.mobile.paylater.staging:id/user_type_existing']"}[39m
[35m[HTTP][39m [37m<-- POST /wd/hub/session/fa688015-a40e-4a9b-bcd6-cf56498dad5b/elements [39m[32m200[39m [90m99 ms - 12[39m
[35m[HTTP][39m [90m[39m
[35m[HTTP][39m [37m-->[39m [37mPOST[39m [37m/wd/hub/session/fa688015-a40e-4a9b-bcd6-cf56498dad5b/elements[39m
[35m[HTTP][39m [90m{"using":"xpath","value":"//*[@class = 'android.widget.Button' and (@text = 'Sign In' or . = 'Sign In') and @resource-id = 'com.lenddo.mobile.paylater.staging:id/user_type_existing']"}[39m
[35m[HTTP][39m [37m<-- POST /wd/hub/session/fa688015-a40e-4a9b-bcd6-cf56498dad5b/elements [39m[32m200[39m [90m84 ms - 12[39m
[35m[HTTP][39m [90m[39m
[35m[HTTP][39m [37m-->[39m [37mPOST[39m [37m/wd/hub/session/fa688015-a40e-4a9b-bcd6-cf56498dad5b/elements[39m
[35m[HTTP][39m [90m{"using":"xpath","value":"//*[@class = 'android.widget.Button' and (@text = 'Sign In' or . = 'Sign In') and @resource-id = 'com.lenddo.mobile.paylater.staging:id/user_type_existing']"}[39m
[35m[HTTP][39m [37m<-- POST /wd/hub/session/fa688015-a40e-4a9b-bcd6-cf56498dad5b/elements [39m[32m200[39m [90m74 ms - 12[39m
[35m[HTTP][39m [90m[39m
[35m[HTTP][39m [37m-->[39m [37mPOST[39m [37m/wd/hub/session/fa688015-a40e-4a9b-bcd6-cf56498dad5b/elements[39m
[35m[HTTP][39m [90m{"using":"xpath","value":"//*[@class = 'android.widget.Button' and (@text = 'Sign In' or . = 'Sign In') and @resource-id = 'com.lenddo.mobile.paylater.staging:id/user_type_existing']"}[39m
[35m[HTTP][39m [37m<-- POST /wd/hub/session/fa688015-a40e-4a9b-bcd6-cf56498dad5b/elements [39m[32m200[39m [90m82 ms - 12[39m
[35m[HTTP][39m [90m[39m
[35m[HTTP][39m [37m-->[39m [37mPOST[39m [37m/wd/hub/session/fa688015-a40e-4a9b-bcd6-cf56498dad5b/elements[39m
[35m[HTTP][39m [90m{"using":"xpath","value":"//*[@class = 'android.widget.Button' and (@text = 'Sign In' or . = 'Sign In') and @resource-id = 'com.lenddo.mobile.paylater.staging:id/user_type_existing']"}[39m
[35m[HTTP][39m [37m<-- POST /wd/hub/session/fa688015-a40e-4a9b-bcd6-cf56498dad5b/elements [39m[32m200[39m [90m78 ms - 12[39m
[35m[HTTP][39m [90m[39m
[35m[HTTP][39m [37m-->[39m [37mPOST[39m [37m/wd/hub/session/fa688015-a40e-4a9b-bcd6-cf56498dad5b/elements[39m
[35m[HTTP][39m [90m{"using":"xpath","value":"//*[@class = 'android.widget.Button' and (@text = 'Sign In' or . = 'Sign In') and @resource-id = 'com.lenddo.mobile.paylater.staging:id/user_type_existing']"}[39m
[35m[HTTP][39m [37m<-- POST /wd/hub/session/fa688015-a40e-4a9b-bcd6-cf56498dad5b/elements [39m[32m200[39m [90m77 ms - 12[39m
[35m[HTTP][39m [90m[39m
[35m[HTTP][39m [37m-->[39m [37mPOST[39m [37m/wd/hub/session/fa688015-a40e-4a9b-bcd6-cf56498dad5b/elements[39m
[35m[HTTP][39m [90m{"using":"xpath","value":"//*[@class = 'android.widget.Button' and (@text = 'Sign In' or . = 'Sign In') and @resource-id = 'com.lenddo.mobile.paylater.staging:id/user_type_existing']"}[39m
[35m[HTTP][39m [37m<-- POST /wd/hub/session/fa688015-a40e-4a9b-bcd6-cf56498dad5b/elements [39m[32m200[39m [90m79 ms - 12[39m
[35m[HTTP][39m [90m[39m
[35m[HTTP][39m [37m-->[39m [37mPOST[39m [37m/wd/hub/session/fa688015-a40e-4a9b-bcd6-cf56498dad5b/elements[39m
[35m[HTTP][39m [90m{"using":"xpath","value":"//*[@class = 'android.widget.Button' and (@text = 'Sign In' or . = 'Sign In') and @resource-id = 'com.lenddo.mobile.paylater.staging:id/user_type_existing']"}[39m
[35m[HTTP][39m [37m<-- POST /wd/hub/session/fa688015-a40e-4a9b-bcd6-cf56498dad5b/elements [39m[32m200[39m [90m83 ms - 12[39m
[35m[HTTP][39m [90m[39m
[35m[HTTP][39m [37m-->[39m [37mPOST[39m [37m/wd/hub/session/fa688015-a40e-4a9b-bcd6-cf56498dad5b/elements[39m
[35m[HTTP][39m [90m{"using":"xpath","value":"//*[@class = 'android.widget.Button' and (@text = 'Sign In' or . = 'Sign In') and @resource-id = 'com.lenddo.mobile.paylater.staging:id/user_type_existing']"}[39m
[35m[HTTP][39m [37m<-- POST /wd/hub/session/fa688015-a40e-4a9b-bcd6-cf56498dad5b/elements [39m[32m200[39m [90m101 ms - 12[39m
[35m[HTTP][39m [90m[39m
[35m[HTTP][39m [37m-->[39m [37mPOST[39m [37m/wd/hub/session/fa688015-a40e-4a9b-bcd6-cf56498dad5b/elements[39m
[35m[HTTP][39m [90m{"using":"xpath","value":"//*[@class = 'android.widget.Button' and (@text = 'Sign In' or . = 'Sign In') and @resource-id = 'com.lenddo.mobile.paylater.staging:id/user_type_existing']"}[39m
[35m[HTTP][39m [37m<-- POST /wd/hub/session/fa688015-a40e-4a9b-bcd6-cf56498dad5b/elements [39m[32m200[39m [90m73 ms - 12[39m
[35m[HTTP][39m [90m[39m
[35m[HTTP][39m [37m-->[39m [37mPOST[39m [37m/wd/hub/session/fa688015-a40e-4a9b-bcd6-cf56498dad5b/elements[39m
[35m[HTTP][39m [90m{"using":"xpath","value":"//*[@class = 'android.widget.Button' and (@text = 'Sign In' or . = 'Sign In') and @resource-id = 'com.lenddo.mobile.paylater.staging:id/user_type_existing']"}[39m
[35m[HTTP][39m [37m<-- POST /wd/hub/session/fa688015-a40e-4a9b-bcd6-cf56498dad5b/elements [39m[32m200[39m [90m77 ms - 12[39m
[35m[HTTP][39m [90m[39m
[35m[HTTP][39m [37m-->[39m [37mPOST[39m [37m/wd/hub/session/fa688015-a40e-4a9b-bcd6-cf56498dad5b/elements[39m
[35m[HTTP][39m [90m{"using":"xpath","value":"//*[@class = 'android.widget.Button' and (@text = 'Sign In' or . = 'Sign In') and @resource-id = 'com.lenddo.mobile.paylater.staging:id/user_type_existing']"}[39m
[35m[HTTP][39m [37m<-- POST /wd/hub/session/fa688015-a40e-4a9b-bcd6-cf56498dad5b/elements [39m[32m200[39m [90m73 ms - 12[39m
[35m[HTTP][39m [90m[39m
[35m[HTTP][39m [37m-->[39m [37mPOST[39m [37m/wd/hub/session/fa688015-a40e-4a9b-bcd6-cf56498dad5b/elements[39m
[35m[HTTP][39m [90m{"using":"xpath","value":"//*[@class = 'android.widget.Button' and (@text = 'Sign In' or . = 'Sign In') and @resource-id = 'com.lenddo.mobile.paylater.staging:id/user_type_existing']"}[39m
[35m[HTTP][39m [37m<-- POST /wd/hub/session/fa688015-a40e-4a9b-bcd6-cf56498dad5b/elements [39m[32m200[39m [90m74 ms - 12[39m
[35m[HTTP][39m [90m[39m
[35m[HTTP][39m [37m-->[39m [37mPOST[39m [37m/wd/hub/session/fa688015-a40e-4a9b-bcd6-cf56498dad5b/elements[39m
[35m[HTTP][39m [90m{"using":"xpath","value":"//*[@class = 'android.widget.Button' and (@text = 'Sign In' or . = 'Sign In') and @resource-id = 'com.lenddo.mobile.paylater.staging:id/user_type_existing']"}[39m
[35m[HTTP][39m [37m<-- POST /wd/hub/session/fa688015-a40e-4a9b-bcd6-cf56498dad5b/elements [39m[32m200[39m [90m74 ms - 12[39m
[35m[HTTP][39m [90m[39m
[35m[HTTP][39m [37m-->[39m [37mPOST[39m [37m/wd/hub/session/fa688015-a40e-4a9b-bcd6-cf56498dad5b/elements[39m
[35m[HTTP][39m [90m{"using":"xpath","value":"//*[@class = 'android.widget.Button' and (@text = 'Sign In' or . = 'Sign In') and @resource-id = 'com.lenddo.mobile.paylater.staging:id/user_type_existing']"}[39m
[35m[HTTP][39m [37m<-- POST /wd/hub/session/fa688015-a40e-4a9b-bcd6-cf56498dad5b/elements [39m[32m200[39m [90m71 ms - 12[39m
[35m[HTTP][39m [90m[39m
[35m[HTTP][39m [37m-->[39m [37mPOST[39m [37m/wd/hub/session/fa688015-a40e-4a9b-bcd6-cf56498dad5b/elements[39m
[35m[HTTP][39m [90m{"using":"xpath","value":"//*[@class = 'android.widget.Button' and (@text = 'Sign In' or . = 'Sign In') and @resource-id = 'com.lenddo.mobile.paylater.staging:id/user_type_existing']"}[39m
[35m[HTTP][39m [37m<-- POST /wd/hub/session/fa688015-a40e-4a9b-bcd6-cf56498dad5b/elements [39m[32m200[39m [90m76 ms - 12[39m
[35m[HTTP][39m [90m[39m
[35m[HTTP][39m [37m-->[39m [37mPOST[39m [37m/wd/hub/session/fa688015-a40e-4a9b-bcd6-cf56498dad5b/elements[39m
[35m[HTTP][39m [90m{"using":"xpath","value":"//*[@class = 'android.widget.Button' and (@text = 'Sign In' or . = 'Sign In') and @resource-id = 'com.lenddo.mobile.paylater.staging:id/user_type_existing']"}[39m
[35m[HTTP][39m [37m<-- POST /wd/hub/session/fa688015-a40e-4a9b-bcd6-cf56498dad5b/elements [39m[32m200[39m [90m70 ms - 12[39m
[35m[HTTP][39m [90m[39m
[35m[HTTP][39m [37m-->[39m [37mPOST[39m [37m/wd/hub/session/fa688015-a40e-4a9b-bcd6-cf56498dad5b/elements[39m
[35m[HTTP][39m [90m{"using":"xpath","value":"//*[@class = 'android.widget.Button' and (@text = 'Sign In' or . = 'Sign In') and @resource-id = 'com.lenddo.mobile.paylater.staging:id/user_type_existing']"}[39m
[35m[HTTP][39m [37m<-- POST /wd/hub/session/fa688015-a40e-4a9b-bcd6-cf56498dad5b/elements [39m[32m200[39m [90m72 ms - 12[39m
[35m[HTTP][39m [90m[39m
[35m[HTTP][39m [37m-->[39m [37mPOST[39m [37m/wd/hub/session/fa688015-a40e-4a9b-bcd6-cf56498dad5b/elements[39m
[35m[HTTP][39m [90m{"using":"xpath","value":"//*[@class = 'android.widget.Button' and (@text = 'Sign In' or . = 'Sign In') and @resource-id = 'com.lenddo.mobile.paylater.staging:id/user_type_existing']"}[39m
[35m[HTTP][39m [37m<-- POST /wd/hub/session/fa688015-a40e-4a9b-bcd6-cf56498dad5b/elements [39m[32m200[39m [90m77 ms - 12[39m
[35m[HTTP][39m [90m[39m
[35m[HTTP][39m [37m-->[39m [37mPOST[39m [37m/wd/hub/session/fa688015-a40e-4a9b-bcd6-cf56498dad5b/elements[39m
[35m[HTTP][39m [90m{"using":"xpath","value":"//*[@class = 'android.widget.Button' and (@text = 'Sign In' or . = 'Sign In') and @resource-id = 'com.lenddo.mobile.paylater.staging:id/user_type_existing']"}[39m
[35m[HTTP][39m [37m<-- POST /wd/hub/session/fa688015-a40e-4a9b-bcd6-cf56498dad5b/elements [39m[32m200[39m [90m68 ms - 12[39m
[35m[HTTP][39m [90m[39m
[35m[HTTP][39m [37m-->[39m [37mPOST[39m [37m/wd/hub/session/fa688015-a40e-4a9b-bcd6-cf56498dad5b/elements[39m
[35m[HTTP][39m [90m{"using":"xpath","value":"//*[@class = 'android.widget.Button' and (@text = 'Sign In' or . = 'Sign In') and @resource-id = 'com.lenddo.mobile.paylater.staging:id/user_type_existing']"}[39m
[35m[HTTP][39m [37m<-- POST /wd/hub/session/fa688015-a40e-4a9b-bcd6-cf56498dad5b/elements [39m[32m200[39m [90m72 ms - 12[39m
[35m[HTTP][39m [90m[39m
[35m[HTTP][39m [37m-->[39m [37mPOST[39m [37m/wd/hub/session/fa688015-a40e-4a9b-bcd6-cf56498dad5b/elements[39m
[35m[HTTP][39m [90m{"using":"xpath","value":"//*[@class = 'android.widget.Button' and (@text = 'Sign In' or . = 'Sign In') and @resource-id = 'com.lenddo.mobile.paylater.staging:id/user_type_existing']"}[39m
[35m[HTTP][39m [37m<-- POST /wd/hub/session/fa688015-a40e-4a9b-bcd6-cf56498dad5b/elements [39m[32m200[39m [90m1186 ms - 12[39m
[35m[HTTP][39m [90m[39m
[35m[HTTP][39m [37m-->[39m [37mPOST[39m [37m/wd/hub/session/fa688015-a40e-4a9b-bcd6-cf56498dad5b/elements[39m
[35m[HTTP][39m [90m{"using":"xpath","value":"//*[@class = 'android.widget.Button' and (@text = 'Sign In' or . = 'Sign In') and @resource-id = 'com.lenddo.mobile.paylater.staging:id/user_type_existing']"}[39m
[35m[HTTP][39m [37m<-- POST /wd/hub/session/fa688015-a40e-4a9b-bcd6-cf56498dad5b/elements [39m[32m200[39m [90m74 ms - 12[39m
[35m[HTTP][39m [90m[39m
[35m[HTTP][39m [37m-->[39m [37mPOST[39m [37m/wd/hub/session/fa688015-a40e-4a9b-bcd6-cf56498dad5b/elements[39m
[35m[HTTP][39m [90m{"using":"xpath","value":"//*[@class = 'android.widget.Button' and (@text = 'Sign In' or . = 'Sign In') and @resource-id = 'com.lenddo.mobile.paylater.staging:id/user_type_existing']"}[39m
[35m[HTTP][39m [37m<-- POST /wd/hub/session/fa688015-a40e-4a9b-bcd6-cf56498dad5b/elements [39m[32m200[39m [90m72 ms - 12[39m
[35m[HTTP][39m [90m[39m
[35m[HTTP][39m [37m-->[39m [37mPOST[39m [37m/wd/hub/session/fa688015-a40e-4a9b-bcd6-cf56498dad5b/elements[39m
[35m[HTTP][39m [90m{"using":"xpath","value":"//*[@class = 'android.widget.Button' and (@text = 'Sign In' or . = 'Sign In') and @resource-id = 'com.lenddo.mobile.paylater.staging:id/user_type_existing']"}[39m
[35m[HTTP][39m [37m<-- POST /wd/hub/session/fa688015-a40e-4a9b-bcd6-cf56498dad5b/elements [39m[32m200[39m [90m76 ms - 12[39m
[35m[HTTP][39m [90m[39m
[35m[HTTP][39m [37m-->[39m [37mPOST[39m [37m/wd/hub/session/fa688015-a40e-4a9b-bcd6-cf56498dad5b/elements[39m
[35m[HTTP][39m [90m{"using":"xpath","value":"//*[@class = 'android.widget.Button' and (@text = 'Sign In' or . = 'Sign In') and @resource-id = 'com.lenddo.mobile.paylater.staging:id/user_type_existing']"}[39m
[35m[HTTP][39m [37m<-- POST /wd/hub/session/fa688015-a40e-4a9b-bcd6-cf56498dad5b/elements [39m[32m200[39m [90m67 ms - 12[39m
[35m[HTTP][39m [90m[39m
[35m[HTTP][39m [37m-->[39m [37mPOST[39m [37m/wd/hub/session/fa688015-a40e-4a9b-bcd6-cf56498dad5b/elements[39m
[35m[HTTP][39m [90m{"using":"xpath","value":"//*[@class = 'android.widget.Button' and (@text = 'Sign In' or . = 'Sign In') and @resource-id = 'com.lenddo.mobile.paylater.staging:id/user_type_existing']"}[39m
[35m[HTTP][39m [37m<-- POST /wd/hub/session/fa688015-a40e-4a9b-bcd6-cf56498dad5b/elements [39m[32m200[39m [90m66 ms - 12[39m
[35m[HTTP][39m [90m[39m
[35m[HTTP][39m [37m-->[39m [37mPOST[39m [37m/wd/hub/session/fa688015-a40e-4a9b-bcd6-cf56498dad5b/elements[39m
[35m[HTTP][39m [90m{"using":"xpath","value":"//*[@class = 'android.widget.Button' and (@text = 'Sign In' or . = 'Sign In') and @resource-id = 'com.lenddo.mobile.paylater.staging:id/user_type_existing']"}[39m
[35m[HTTP][39m [37m<-- POST /wd/hub/session/fa688015-a40e-4a9b-bcd6-cf56498dad5b/elements [39m[32m200[39m [90m84 ms - 12[39m
[35m[HTTP][39m [90m[39m
[35m[HTTP][39m [37m-->[39m [37mPOST[39m [37m/wd/hub/session/fa688015-a40e-4a9b-bcd6-cf56498dad5b/elements[39m
[35m[HTTP][39m [90m{"using":"xpath","value":"//*[@class = 'android.widget.Button' and (@text = 'Sign In' or . = 'Sign In') and @resource-id = 'com.lenddo.mobile.paylater.staging:id/user_type_existing']"}[39m
[35m[HTTP][39m [37m<-- POST /wd/hub/session/fa688015-a40e-4a9b-bcd6-cf56498dad5b/elements [39m[32m200[39m [90m96 ms - 12[39m
[35m[HTTP][39m [90m[39m
[35m[HTTP][39m [37m-->[39m [37mPOST[39m [37m/wd/hub/session/fa688015-a40e-4a9b-bcd6-cf56498dad5b/elements[39m
[35m[HTTP][39m [90m{"using":"xpath","value":"//*[@class = 'android.widget.Button' and (@text = 'Sign In' or . = 'Sign In') and @resource-id = 'com.lenddo.mobile.paylater.staging:id/user_type_existing']"}[39m
[35m[HTTP][39m [37m<-- POST /wd/hub/session/fa688015-a40e-4a9b-bcd6-cf56498dad5b/elements [39m[32m200[39m [90m135 ms - 12[39m
[35m[HTTP][39m [90m[39m
[35m[HTTP][39m [37m-->[39m [37mPOST[39m [37m/wd/hub/session/fa688015-a40e-4a9b-bcd6-cf56498dad5b/elements[39m
[35m[HTTP][39m [90m{"using":"xpath","value":"//*[@class = 'android.widget.Button' and (@text = 'Sign In' or . = 'Sign In') and @resource-id = 'com.lenddo.mobile.paylater.staging:id/user_type_existing']"}[39m
[35m[HTTP][39m [37m<-- POST /wd/hub/session/fa688015-a40e-4a9b-bcd6-cf56498dad5b/elements [39m[32m200[39m [90m91 ms - 12[39m
[35m[HTTP][39m [90m[39m
[35m[HTTP][39m [37m-->[39m [37mPOST[39m [37m/wd/hub/session/fa688015-a40e-4a9b-bcd6-cf56498dad5b/elements[39m
[35m[HTTP][39m [90m{"using":"xpath","value":"//*[@class = 'android.widget.Button' and (@text = 'Sign In' or . = 'Sign In') and @resource-id = 'com.lenddo.mobile.paylater.staging:id/user_type_existing']"}[39m
[35m[HTTP][39m [37m<-- POST /wd/hub/session/fa688015-a40e-4a9b-bcd6-cf56498dad5b/elements [39m[32m200[39m [90m74 ms - 12[39m
[35m[HTTP][39m [90m[39m
[35m[HTTP][39m [37m-->[39m [37mPOST[39m [37m/wd/hub/session/fa688015-a40e-4a9b-bcd6-cf56498dad5b/elements[39m
[35m[HTTP][39m [90m{"using":"xpath","value":"//*[@class = 'android.widget.Button' and (@text = 'Sign In' or . = 'Sign In') and @resource-id = 'com.lenddo.mobile.paylater.staging:id/user_type_existing']"}[39m
[35m[HTTP][39m [37m<-- POST /wd/hub/session/fa688015-a40e-4a9b-bcd6-cf56498dad5b/elements [39m[32m200[39m [90m64 ms - 12[39m
[35m[HTTP][39m [90m[39m
[35m[HTTP][39m [37m-->[39m [37mPOST[39m [37m/wd/hub/session/fa688015-a40e-4a9b-bcd6-cf56498dad5b/elements[39m
[35m[HTTP][39m [90m{"using":"xpath","value":"//*[@class = 'android.widget.Button' and (@text = 'Sign In' or . = 'Sign In') and @resource-id = 'com.lenddo.mobile.paylater.staging:id/user_type_existing']"}[39m
[35m[HTTP][39m [37m<-- POST /wd/hub/session/fa688015-a40e-4a9b-bcd6-cf56498dad5b/elements [39m[32m200[39m [90m75 ms - 12[39m
[35m[HTTP][39m [90m[39m
[35m[HTTP][39m [37m-->[39m [37mPOST[39m [37m/wd/hub/session/fa688015-a40e-4a9b-bcd6-cf56498dad5b/elements[39m
[35m[HTTP][39m [90m{"using":"xpath","value":"//*[@class = 'android.widget.Button' and (@text = 'Sign In' or . = 'Sign In') and @resource-id = 'com.lenddo.mobile.paylater.staging:id/user_type_existing']"}[39m
[35m[HTTP][39m [37m<-- POST /wd/hub/session/fa688015-a40e-4a9b-bcd6-cf56498dad5b/elements [39m[32m200[39m [90m76 ms - 12[39m
[35m[HTTP][39m [90m[39m
[35m[HTTP][39m [37m-->[39m [37mPOST[39m [37m/wd/hub/session/fa688015-a40e-4a9b-bcd6-cf56498dad5b/elements[39m
[35m[HTTP][39m [90m{"using":"xpath","value":"//*[@class = 'android.widget.Button' and (@text = 'Sign In' or . = 'Sign In') and @resource-id = 'com.lenddo.mobile.paylater.staging:id/user_type_existing']"}[39m
[35m[HTTP][39m [37m<-- POST /wd/hub/session/fa688015-a40e-4a9b-bcd6-cf56498dad5b/elements [39m[32m200[39m [90m71 ms - 12[39m
[35m[HTTP][39m [90m[39m
[35m[HTTP][39m [37m-->[39m [37mPOST[39m [37m/wd/hub/session/fa688015-a40e-4a9b-bcd6-cf56498dad5b/elements[39m
[35m[HTTP][39m [90m{"using":"xpath","value":"//*[@class = 'android.widget.Button' and (@text = 'Sign In' or . = 'Sign In') and @resource-id = 'com.lenddo.mobile.paylater.staging:id/user_type_existing']"}[39m
[35m[HTTP][39m [37m<-- POST /wd/hub/session/fa688015-a40e-4a9b-bcd6-cf56498dad5b/elements [39m[32m200[39m [90m76 ms - 12[39m
[35m[HTTP][39m [90m[39m
[35m[HTTP][39m [37m-->[39m [37mPOST[39m [37m/wd/hub/session/fa688015-a40e-4a9b-bcd6-cf56498dad5b/elements[39m
[35m[HTTP][39m [90m{"using":"xpath","value":"//*[@class = 'android.widget.Button' and (@text = 'Sign In' or . = 'Sign In') and @resource-id = 'com.lenddo.mobile.paylater.staging:id/user_type_existing']"}[39m
[35m[HTTP][39m [37m<-- POST /wd/hub/session/fa688015-a40e-4a9b-bcd6-cf56498dad5b/elements [39m[32m200[39m [90m87 ms - 12[39m
[35m[HTTP][39m [90m[39m
[35m[HTTP][39m [37m-->[39m [37mPOST[39m [37m/wd/hub/session/fa688015-a40e-4a9b-bcd6-cf56498dad5b/elements[39m
[35m[HTTP][39m [90m{"using":"xpath","value":"//*[@class = 'android.widget.Button' and (@text = 'Sign In' or . = 'Sign In') and @resource-id = 'com.lenddo.mobile.paylater.staging:id/user_type_existing']"}[39m
[35m[HTTP][39m [37m<-- POST /wd/hub/session/fa688015-a40e-4a9b-bcd6-cf56498dad5b/elements [39m[32m200[39m [90m71 ms - 12[39m
[35m[HTTP][39m [90m[39m
[35m[HTTP][39m [37m-->[39m [37mPOST[39m [37m/wd/hub/session/fa688015-a40e-4a9b-bcd6-cf56498dad5b/elements[39m
[35m[HTTP][39m [90m{"using":"xpath","value":"//*[@class = 'android.widget.Button' and (@text = 'Sign In' or . = 'Sign In') and @resource-id = 'com.lenddo.mobile.paylater.staging:id/user_type_existing']"}[39m
[35m[HTTP][39m [37m<-- POST /wd/hub/session/fa688015-a40e-4a9b-bcd6-cf56498dad5b/elements [39m[32m200[39m [90m75 ms - 12[39m
[35m[HTTP][39m [90m[39m
[35m[HTTP][39m [37m-->[39m [37mPOST[39m [37m/wd/hub/session/fa688015-a40e-4a9b-bcd6-cf56498dad5b/elements[39m
[35m[HTTP][39m [90m{"using":"xpath","value":"//*[@class = 'android.widget.Button' and (@text = 'Sign In' or . = 'Sign In') and @resource-id = 'com.lenddo.mobile.paylater.staging:id/user_type_existing']"}[39m
[35m[HTTP][39m [37m<-- POST /wd/hub/session/fa688015-a40e-4a9b-bcd6-cf56498dad5b/elements [39m[32m200[39m [90m76 ms - 12[39m
[35m[HTTP][39m [90m[39m
[35m[HTTP][39m [37m-->[39m [37mPOST[39m [37m/wd/hub/session/fa688015-a40e-4a9b-bcd6-cf56498dad5b/elements[39m
[35m[HTTP][39m [90m{"using":"xpath","value":"//*[@class = 'android.widget.Button' and (@text = 'Sign In' or . = 'Sign In') and @resource-id = 'com.lenddo.mobile.paylater.staging:id/user_type_existing']"}[39m
[35m[HTTP][39m [37m<-- POST /wd/hub/session/fa688015-a40e-4a9b-bcd6-cf56498dad5b/elements [39m[32m200[39m [90m571 ms - 12[39m
[35m[HTTP][39m [90m[39m
[35m[HTTP][39m [37m-->[39m [37mPOST[39m [37m/wd/hub/session/fa688015-a40e-4a9b-bcd6-cf56498dad5b/elements[39m
[35m[HTTP][39m [90m{"using":"xpath","value":"//*[@class = 'android.widget.Button' and (@text = 'Sign In' or . = 'Sign In') and @resource-id = 'com.lenddo.mobile.paylater.staging:id/user_type_existing']"}[39m
[35m[HTTP][39m [37m<-- POST /wd/hub/session/fa688015-a40e-4a9b-bcd6-cf56498dad5b/elements [39m[32m200[39m [90m67 ms - 12[39m
[35m[HTTP][39m [90m[39m
[35m[HTTP][39m [37m-->[39m [37mPOST[39m [37m/wd/hub/session/fa688015-a40e-4a9b-bcd6-cf56498dad5b/elements[39m
[35m[HTTP][39m [90m{"using":"xpath","value":"//*[@class = 'android.widget.Button' and (@text = 'Sign In' or . = 'Sign In') and @resource-id = 'com.lenddo.mobile.paylater.staging:id/user_type_existing']"}[39m
[35m[HTTP][39m [37m<-- POST /wd/hub/session/fa688015-a40e-4a9b-bcd6-cf56498dad5b/elements [39m[32m200[39m [90m63 ms - 12[39m
[35m[HTTP][39m [90m[39m
[35m[HTTP][39m [37m-->[39m [37mPOST[39m [37m/wd/hub/session/fa688015-a40e-4a9b-bcd6-cf56498dad5b/elements[39m
[35m[HTTP][39m [90m{"using":"xpath","value":"//*[@class = 'android.widget.Button' and (@text = 'Sign In' or . = 'Sign In') and @resource-id = 'com.lenddo.mobile.paylater.staging:id/user_type_existing']"}[39m
[35m[HTTP][39m [37m<-- POST /wd/hub/session/fa688015-a40e-4a9b-bcd6-cf56498dad5b/elements [39m[32m200[39m [90m56 ms - 12[39m
[35m[HTTP][39m [90m[39m
[35m[HTTP][39m [37m-->[39m [37mPOST[39m [37m/wd/hub/session/fa688015-a40e-4a9b-bcd6-cf56498dad5b/elements[39m
[35m[HTTP][39m [90m{"using":"xpath","value":"//*[@class = 'android.widget.Button' and (@text = 'Sign In' or . = 'Sign In') and @resource-id = 'com.lenddo.mobile.paylater.staging:id/user_type_existing']"}[39m
[35m[HTTP][39m [37m<-- POST /wd/hub/session/fa688015-a40e-4a9b-bcd6-cf56498dad5b/elements [39m[32m200[39m [90m59 ms - 12[39m
[35m[HTTP][39m [90m[39m
[35m[HTTP][39m [37m-->[39m [37mPOST[39m [37m/wd/hub/session/fa688015-a40e-4a9b-bcd6-cf56498dad5b/elements[39m
[35m[HTTP][39m [90m{"using":"xpath","value":"//*[@class = 'android.widget.Button' and (@text = 'Sign In' or . = 'Sign In') and @resource-id = 'com.lenddo.mobile.paylater.staging:id/user_type_existing']"}[39m
[35m[HTTP][39m [37m<-- POST /wd/hub/session/fa688015-a40e-4a9b-bcd6-cf56498dad5b/elements [39m[32m200[39m [90m70 ms - 12[39m
[35m[HTTP][39m [90m[39m
[35m[HTTP][39m [37m-->[39m [37mPOST[39m [37m/wd/hub/session/fa688015-a40e-4a9b-bcd6-cf56498dad5b/elements[39m
[35m[HTTP][39m [90m{"using":"xpath","value":"//*[@class = 'android.widget.Button' and (@text = 'Sign In' or . = 'Sign In') and @resource-id = 'com.lenddo.mobile.paylater.staging:id/user_type_existing']"}[39m
[35m[HTTP][39m [37m<-- POST /wd/hub/session/fa688015-a40e-4a9b-bcd6-cf56498dad5b/elements [39m[32m200[39m [90m67 ms - 12[39m
[35m[HTTP][39m [90m[39m
[35m[HTTP][39m [37m-->[39m [37mPOST[39m [37m/wd/hub/session/fa688015-a40e-4a9b-bcd6-cf56498dad5b/elements[39m
[35m[HTTP][39m [90m{"using":"xpath","value":"//*[@class = 'android.widget.Button' and (@text = 'Sign In' or . = 'Sign In') and @resource-id = 'com.lenddo.mobile.paylater.staging:id/user_type_existing']"}[39m
[35m[HTTP][39m [37m<-- POST /wd/hub/session/fa688015-a40e-4a9b-bcd6-cf56498dad5b/elements [39m[32m200[39m [90m65 ms - 12[39m
[35m[HTTP][39m [90m[39m
[35m[HTTP][39m [37m-->[39m [37mPOST[39m [37m/wd/hub/session/fa688015-a40e-4a9b-bcd6-cf56498dad5b/elements[39m
[35m[HTTP][39m [90m{"using":"xpath","value":"//*[@class = 'android.widget.Button' and (@text = 'Sign In' or . = 'Sign In') and @resource-id = 'com.lenddo.mobile.paylater.staging:id/user_type_existing']"}[39m
[35m[HTTP][39m [37m<-- POST /wd/hub/session/fa688015-a40e-4a9b-bcd6-cf56498dad5b/elements [39m[32m200[39m [90m71 ms - 12[39m
[35m[HTTP][39m [90m[39m
[35m[HTTP][39m [37m-->[39m [37mPOST[39m [37m/wd/hub/session/fa688015-a40e-4a9b-bcd6-cf56498dad5b/elements[39m
[35m[HTTP][39m [90m{"using":"xpath","value":"//*[@class = 'android.widget.Button' and (@text = 'Sign In' or . = 'Sign In') and @resource-id = 'com.lenddo.mobile.paylater.staging:id/user_type_existing']"}[39m
[35m[HTTP][39m [37m<-- POST /wd/hub/session/fa688015-a40e-4a9b-bcd6-cf56498dad5b/elements [39m[32m200[39m [90m70 ms - 12[39m
[35m[HTTP][39m [90m[39m
[35m[HTTP][39m [37m-->[39m [37mPOST[39m [37m/wd/hub/session/fa688015-a40e-4a9b-bcd6-cf56498dad5b/elements[39m
[35m[HTTP][39m [90m{"using":"xpath","value":"//*[@class = 'android.widget.Button' and (@text = 'Sign In' or . = 'Sign In') and @resource-id = 'com.lenddo.mobile.paylater.staging:id/user_type_existing']"}[39m
[35m[HTTP][39m [37m<-- POST /wd/hub/session/fa688015-a40e-4a9b-bcd6-cf56498dad5b/elements [39m[32m200[39m [90m65 ms - 12[39m
[35m[HTTP][39m [90m[39m
[35m[HTTP][39m [37m-->[39m [37mPOST[39m [37m/wd/hub/session/fa688015-a40e-4a9b-bcd6-cf56498dad5b/elements[39m
[35m[HTTP][39m [90m{"using":"xpath","value":"//*[@class = 'android.widget.Button' and (@text = 'Sign In' or . = 'Sign In') and @resource-id = 'com.lenddo.mobile.paylater.staging:id/user_type_existing']"}[39m
[35m[HTTP][39m [37m<-- POST /wd/hub/session/fa688015-a40e-4a9b-bcd6-cf56498dad5b/elements [39m[32m200[39m [90m66 ms - 12[39m
[35m[HTTP][39m [90m[39m
[35m[HTTP][39m [37m-->[39m [37mPOST[39m [37m/wd/hub/session/fa688015-a40e-4a9b-bcd6-cf56498dad5b/elements[39m
[35m[HTTP][39m [90m{"using":"xpath","value":"//*[@class = 'android.widget.Button' and (@text = 'Sign In' or . = 'Sign In') and @resource-id = 'com.lenddo.mobile.paylater.staging:id/user_type_existing']"}[39m
[35m[HTTP][39m [37m<-- POST /wd/hub/session/fa688015-a40e-4a9b-bcd6-cf56498dad5b/elements [39m[32m200[39m [90m82 ms - 12[39m
[35m[HTTP][39m [90m[39m
[35m[HTTP][39m [37m-->[39m [37mPOST[39m [37m/wd/hub/session/fa688015-a40e-4a9b-bcd6-cf56498dad5b/elements[39m
[35m[HTTP][39m [90m{"using":"xpath","value":"//*[@class = 'android.widget.Button' and (@text = 'Sign In' or . = 'Sign In') and @resource-id = 'com.lenddo.mobile.paylater.staging:id/user_type_existing']"}[39m
[35m[HTTP][39m [37m<-- POST /wd/hub/session/fa688015-a40e-4a9b-bcd6-cf56498dad5b/elements [39m[32m200[39m [90m72 ms - 12[39m
[35m[HTTP][39m [90m[39m
[35m[HTTP][39m [37m-->[39m [37mPOST[39m [37m/wd/hub/session/fa688015-a40e-4a9b-bcd6-cf56498dad5b/elements[39m
[35m[HTTP][39m [90m{"using":"xpath","value":"//*[@class = 'android.widget.Button' and (@text = 'Sign In' or . = 'Sign In') and @resource-id = 'com.lenddo.mobile.paylater.staging:id/user_type_existing']"}[39m
[35m[HTTP][39m [37m<-- POST /wd/hub/session/fa688015-a40e-4a9b-bcd6-cf56498dad5b/elements [39m[32m200[39m [90m63 ms - 12[39m
[35m[HTTP][39m [90m[39m
[35m[HTTP][39m [37m-->[39m [37mPOST[39m [37m/wd/hub/session/fa688015-a40e-4a9b-bcd6-cf56498dad5b/elements[39m
[35m[HTTP][39m [90m{"using":"xpath","value":"//*[@class = 'android.widget.Button' and (@text = 'Sign In' or . = 'Sign In') and @resource-id = 'com.lenddo.mobile.paylater.staging:id/user_type_existing']"}[39m
[35m[HTTP][39m [37m<-- POST /wd/hub/session/fa688015-a40e-4a9b-bcd6-cf56498dad5b/elements [39m[32m200[39m [90m69 ms - 12[39m
[35m[HTTP][39m [90m[39m
[35m[HTTP][39m [37m-->[39m [37mPOST[39m [37m/wd/hub/session/fa688015-a40e-4a9b-bcd6-cf56498dad5b/elements[39m
[35m[HTTP][39m [90m{"using":"xpath","value":"//*[@class = 'android.widget.Button' and (@text = 'Sign In' or . = 'Sign In') and @resource-id = 'com.lenddo.mobile.paylater.staging:id/user_type_existing']"}[39m
[35m[HTTP][39m [37m<-- POST /wd/hub/session/fa688015-a40e-4a9b-bcd6-cf56498dad5b/elements [39m[32m200[39m [90m59 ms - 12[39m
[35m[HTTP][39m [90m[39m
[35m[HTTP][39m [37m-->[39m [37mPOST[39m [37m/wd/hub/session/fa688015-a40e-4a9b-bcd6-cf56498dad5b/elements[39m
[35m[HTTP][39m [90m{"using":"xpath","value":"//*[@class = 'android.widget.Button' and (@text = 'Sign In' or . = 'Sign In') and @resource-id = 'com.lenddo.mobile.paylater.staging:id/user_type_existing']"}[39m
[35m[HTTP][39m [37m<-- POST /wd/hub/session/fa688015-a40e-4a9b-bcd6-cf56498dad5b/elements [39m[32m200[39m [90m62 ms - 12[39m
[35m[HTTP][39m [90m[39m
[35m[HTTP][39m [37m-->[39m [37mPOST[39m [37m/wd/hub/session/fa688015-a40e-4a9b-bcd6-cf56498dad5b/elements[39m
[35m[HTTP][39m [90m{"using":"xpath","value":"//*[@class = 'android.widget.Button' and (@text = 'Sign In' or . = 'Sign In') and @resource-id = 'com.lenddo.mobile.paylater.staging:id/user_type_existing']"}[39m
[35m[HTTP][39m [37m<-- POST /wd/hub/session/fa688015-a40e-4a9b-bcd6-cf56498dad5b/elements [39m[32m200[39m [90m65 ms - 12[39m
[35m[HTTP][39m [90m[39m
[35m[HTTP][39m [37m-->[39m [37mPOST[39m [37m/wd/hub/session/fa688015-a40e-4a9b-bcd6-cf56498dad5b/elements[39m
[35m[HTTP][39m [90m{"using":"xpath","value":"//*[@class = 'android.widget.Button' and (@text = 'Sign In' or . = 'Sign In') and @resource-id = 'com.lenddo.mobile.paylater.staging:id/user_type_existing']"}[39m
[35m[HTTP][39m [37m<-- POST /wd/hub/session/fa688015-a40e-4a9b-bcd6-cf56498dad5b/elements [39m[32m200[39m [90m67 ms - 12[39m
[35m[HTTP][39m [90m[39m
[35m[HTTP][39m [37m-->[39m [37mPOST[39m [37m/wd/hub/session/fa688015-a40e-4a9b-bcd6-cf56498dad5b/elements[39m
[35m[HTTP][39m [90m{"using":"xpath","value":"//*[@class = 'android.widget.Button' and (@text = 'Sign In' or . = 'Sign In') and @resource-id = 'com.lenddo.mobile.paylater.staging:id/user_type_existing']"}[39m
[35m[HTTP][39m [37m<-- POST /wd/hub/session/fa688015-a40e-4a9b-bcd6-cf56498dad5b/elements [39m[32m200[39m [90m76 ms - 12[39m
[35m[HTTP][39m [90m[39m
[35m[HTTP][39m [37m-->[39m [37mPOST[39m [37m/wd/hub/session/fa688015-a40e-4a9b-bcd6-cf56498dad5b/elements[39m
[35m[HTTP][39m [90m{"using":"xpath","value":"//*[@class = 'android.widget.Button' and (@text = 'Sign In' or . = 'Sign In') and @resource-id = 'com.lenddo.mobile.paylater.staging:id/user_type_existing']"}[39m
[35m[HTTP][39m [37m<-- POST /wd/hub/session/fa688015-a40e-4a9b-bcd6-cf56498dad5b/elements [39m[32m200[39m [90m71 ms - 12[39m
[35m[HTTP][39m [90m[39m
[35m[HTTP][39m [37m-->[39m [37mPOST[39m [37m/wd/hub/session/fa688015-a40e-4a9b-bcd6-cf56498dad5b/elements[39m
[35m[HTTP][39m [90m{"using":"xpath","value":"//*[@class = 'android.widget.Button' and (@text = 'Sign In' or . = 'Sign In') and @resource-id = 'com.lenddo.mobile.paylater.staging:id/user_type_existing']"}[39m
[35m[HTTP][39m [37m<-- POST /wd/hub/session/fa688015-a40e-4a9b-bcd6-cf56498dad5b/elements [39m[32m200[39m [90m71 ms - 12[39m
[35m[HTTP][39m [90m[39m
[35m[HTTP][39m [37m-->[39m [37mPOST[39m [37m/wd/hub/session/fa688015-a40e-4a9b-bcd6-cf56498dad5b/elements[39m
[35m[HTTP][39m [90m{"using":"xpath","value":"//*[@class = 'android.widget.Button' and (@text = 'Sign In' or . = 'Sign In') and @resource-id = 'com.lenddo.mobile.paylater.staging:id/user_type_existing']"}[39m
[35m[HTTP][39m [37m<-- POST /wd/hub/session/fa688015-a40e-4a9b-bcd6-cf56498dad5b/elements [39m[32m200[39m [90m71 ms - 12[39m
[35m[HTTP][39m [90m[39m
[35m[HTTP][39m [37m-->[39m [37mPOST[39m [37m/wd/hub/session/fa688015-a40e-4a9b-bcd6-cf56498dad5b/elements[39m
[35m[HTTP][39m [90m{"using":"xpath","value":"//*[@class = 'android.widget.Button' and (@text = 'Sign In' or . = 'Sign In') and @resource-id = 'com.lenddo.mobile.paylater.staging:id/user_type_existing']"}[39m
[35m[HTTP][39m [37m<-- POST /wd/hub/session/fa688015-a40e-4a9b-bcd6-cf56498dad5b/elements [39m[32m200[39m [90m64 ms - 12[39m
[35m[HTTP][39m [90m[39m
[35m[HTTP][39m [37m-->[39m [37mPOST[39m [37m/wd/hub/session/fa688015-a40e-4a9b-bcd6-cf56498dad5b/elements[39m
[35m[HTTP][39m [90m{"using":"xpath","value":"//*[@class = 'android.widget.Button' and (@text = 'Sign In' or . = 'Sign In') and @resource-id = 'com.lenddo.mobile.paylater.staging:id/user_type_existing']"}[39m
[35m[HTTP][39m [37m<-- POST /wd/hub/session/fa688015-a40e-4a9b-bcd6-cf56498dad5b/elements [39m[32m200[39m [90m65 ms - 12[39m
[35m[HTTP][39m [90m[39m
[35m[HTTP][39m [37m-->[39m [37mPOST[39m [37m/wd/hub/session/fa688015-a40e-4a9b-bcd6-cf56498dad5b/elements[39m
[35m[HTTP][39m [90m{"using":"xpath","value":"//*[@class = 'android.widget.Button' and (@text = 'Sign In' or . = 'Sign In') and @resource-id = 'com.lenddo.mobile.paylater.staging:id/user_type_existing']"}[39m
[35m[HTTP][39m [37m<-- POST /wd/hub/session/fa688015-a40e-4a9b-bcd6-cf56498dad5b/elements [39m[32m200[39m [90m59 ms - 12[39m
[35m[HTTP][39m [90m[39m
[35m[HTTP][39m [37m-->[39m [37mPOST[39m [37m/wd/hub/session/fa688015-a40e-4a9b-bcd6-cf56498dad5b/elements[39m
[35m[HTTP][39m [90m{"using":"xpath","value":"//*[@class = 'android.widget.Button' and (@text = 'Sign In' or . = 'Sign In') and @resource-id = 'com.lenddo.mobile.paylater.staging:id/user_type_existing']"}[39m
[35m[HTTP][39m [37m<-- POST /wd/hub/session/fa688015-a40e-4a9b-bcd6-cf56498dad5b/elements [39m[32m200[39m [90m56 ms - 12[39m
[35m[HTTP][39m [90m[39m
[35m[HTTP][39m [37m-->[39m [37mPOST[39m [37m/wd/hub/session/fa688015-a40e-4a9b-bcd6-cf56498dad5b/elements[39m
[35m[HTTP][39m [90m{"using":"xpath","value":"//*[@class = 'android.widget.Button' and (@text = 'Sign In' or . = 'Sign In') and @resource-id = 'com.lenddo.mobile.paylater.staging:id/user_type_existing']"}[39m
[35m[HTTP][39m [37m<-- POST /wd/hub/session/fa688015-a40e-4a9b-bcd6-cf56498dad5b/elements [39m[32m200[39m [90m55 ms - 12[39m
[35m[HTTP][39m [90m[39m
[35m[HTTP][39m [37m-->[39m [37mPOST[39m [37m/wd/hub/session/fa688015-a40e-4a9b-bcd6-cf56498dad5b/elements[39m
[35m[HTTP][39m [90m{"using":"xpath","value":"//*[@class = 'android.widget.Button' and (@text = 'Sign In' or . = 'Sign In') and @resource-id = 'com.lenddo.mobile.paylater.staging:id/user_type_existing']"}[39m
[35m[HTTP][39m [37m<-- POST /wd/hub/session/fa688015-a40e-4a9b-bcd6-cf56498dad5b/elements [39m[32m200[39m [90m61 ms - 12[39m
[35m[HTTP][39m [90m[39m
[35m[HTTP][39m [37m-->[39m [37mPOST[39m [37m/wd/hub/session/fa688015-a40e-4a9b-bcd6-cf56498dad5b/elements[39m
[35m[HTTP][39m [90m{"using":"xpath","value":"//*[@class = 'android.widget.Button' and (@text = 'Sign In' or . = 'Sign In') and @resource-id = 'com.lenddo.mobile.paylater.staging:id/user_type_existing']"}[39m
[35m[HTTP][39m [37m<-- POST /wd/hub/session/fa688015-a40e-4a9b-bcd6-cf56498dad5b/elements [39m[32m200[39m [90m714 ms - 139[39m
[35m[HTTP][39m [90m[39m
[35m[HTTP][39m [37m-->[39m [37mGET[39m [37m/wd/hub/session/fa688015-a40e-4a9b-bcd6-cf56498dad5b/element/2893e89e-af5e-472e-ab98-0be3d6800e11/location[39m
[35m[HTTP][39m [90m{}[39m
[35m[W3C (fa688015)][39m Driver proxy active, passing request on via HTTP proxy
[35m[WD Proxy][39m Replacing sessionId 1438c34b-e091-4d34-97fa-348963364b91 with fa688015-a40e-4a9b-bcd6-cf56498dad5b
[35m[HTTP][39m [37m<-- GET /wd/hub/session/fa688015-a40e-4a9b-bcd6-cf56498dad5b/element/2893e89e-af5e-472e-ab98-0be3d6800e11/location [39m[32m200[39m [90m37 ms - 78[39m
[35m[HTTP][39m [90m[39m
[35m[HTTP][39m [37m-->[39m [37mPOST[39m [37m/wd/hub/session/fa688015-a40e-4a9b-bcd6-cf56498dad5b/timeouts[39m
[35m[HTTP][39m [90m{"implicit":30000}[39m
[35m[HTTP][39m [37m<-- POST /wd/hub/session/fa688015-a40e-4a9b-bcd6-cf56498dad5b/timeouts [39m[32m200[39m [90m3 ms - 14[39m
[35m[HTTP][39m [90m[39m
[35m[HTTP][39m [37m-->[39m [37mPOST[39m [37m/wd/hub/session/fa688015-a40e-4a9b-bcd6-cf56498dad5b/touch/perform[39m
[35m[HTTP][39m [90m{"actions":[{"action":"tap","options":{"x":1,"y":1,"element":"2893e89e-af5e-472e-ab98-0be3d6800e11"}},{"action":"release","options":{}}]}[39m
[35m[UiAutomator2][39m calling get location: 2893e89e-af5e-472e-ab98-0be3d6800e11
[35m[HTTP][39m [37m<-- POST /wd/hub/session/fa688015-a40e-4a9b-bcd6-cf56498dad5b/touch/perform [39m[32m200[39m [90m200 ms - 14[39m
[35m[HTTP][39m [90m[39m
[35m[HTTP][39m [37m-->[39m [37mPOST[39m [37m/wd/hub/session/fa688015-a40e-4a9b-bcd6-cf56498dad5b/timeouts[39m
[35m[HTTP][39m [90m{"implicit":50}[39m
[35m[HTTP][39m [37m<-- POST /wd/hub/session/fa688015-a40e-4a9b-bcd6-cf56498dad5b/timeouts [39m[32m200[39m [90m2 ms - 14[39m
[35m[HTTP][39m [90m[39m
[35m[HTTP][39m [37m-->[39m [37mGET[39m [37m/wd/hub/session/fa688015-a40e-4a9b-bcd6-cf56498dad5b/window/rect[39m
[35m[HTTP][39m [90m{}[39m
[35m[HTTP][39m [37m<-- GET /wd/hub/session/fa688015-a40e-4a9b-bcd6-cf56498dad5b/window/rect [39m[32m200[39m [90m17 ms - 49[39m
[35m[HTTP][39m [90m[39m
[35m[HTTP][39m [37m-->[39m [37mPOST[39m [37m/wd/hub/session/fa688015-a40e-4a9b-bcd6-cf56498dad5b/elements[39m
[35m[HTTP][39m [90m{"using":"xpath","value":"//*[@class = 'android.widget.EditText' and (@text = 'Phone number' or . = 'Phone number') and @resource-id = 'com.lenddo.mobile.paylater.staging:id/sign_in_phone']"}[39m
[35m[HTTP][39m [37m<-- POST /wd/hub/session/fa688015-a40e-4a9b-bcd6-cf56498dad5b/elements [39m[32m200[39m [90m336 ms - 139[39m
[35m[HTTP][39m [90m[39m
[35m[HTTP][39m [37m-->[39m [37mGET[39m [37m/wd/hub/session/fa688015-a40e-4a9b-bcd6-cf56498dad5b/element/374ce83a-2272-4cc7-8f19-ceb7b124c9ea/location[39m
[35m[HTTP][39m [90m{}[39m
[35m[W3C (fa688015)][39m Driver proxy active, passing request on via HTTP proxy
[35m[WD Proxy][39m Replacing sessionId 1438c34b-e091-4d34-97fa-348963364b91 with fa688015-a40e-4a9b-bcd6-cf56498dad5b
[35m[HTTP][39m [37m<-- GET /wd/hub/session/fa688015-a40e-4a9b-bcd6-cf56498dad5b/element/374ce83a-2272-4cc7-8f19-ceb7b124c9ea/location [39m[32m200[39m [90m496 ms - 77[39m
[35m[HTTP][39m [90m[39m
[35m[HTTP][39m [37m-->[39m [37mPOST[39m [37m/wd/hub/session/fa688015-a40e-4a9b-bcd6-cf56498dad5b/timeouts[39m
[35m[HTTP][39m [90m{"implicit":30000}[39m
[35m[HTTP][39m [37m<-- POST /wd/hub/session/fa688015-a40e-4a9b-bcd6-cf56498dad5b/timeouts [39m[32m200[39m [90m5 ms - 14[39m
[35m[HTTP][39m [90m[39m
[35m[HTTP][39m [37m-->[39m [37mPOST[39m [37m/wd/hub/session/fa688015-a40e-4a9b-bcd6-cf56498dad5b/element/374ce83a-2272-4cc7-8f19-ceb7b124c9ea/clear[39m
[35m[HTTP][39m [90m{"id":"374ce83a-2272-4cc7-8f19-ceb7b124c9ea"}[39m
[35m[HTTP][39m [37m<-- POST /wd/hub/session/fa688015-a40e-4a9b-bcd6-cf56498dad5b/element/374ce83a-2272-4cc7-8f19-ceb7b124c9ea/clear [39m[32m200[39m [90m64 ms - 14[39m
[35m[HTTP][39m [90m[39m
[35m[HTTP][39m [37m-->[39m [37mPOST[39m [37m/wd/hub/session/fa688015-a40e-4a9b-bcd6-cf56498dad5b/element/374ce83a-2272-4cc7-8f19-ceb7b124c9ea/value[39m
[35m[HTTP][39m [90m{"id":"374ce83a-2272-4cc7-8f19-ceb7b124c9ea","text":"08990001100","value":["0","8","9","9","0","0","0","1","1","0","0"]}[39m
[35m[HTTP][39m [37m<-- POST /wd/hub/session/fa688015-a40e-4a9b-bcd6-cf56498dad5b/element/374ce83a-2272-4cc7-8f19-ceb7b124c9ea/value [39m[32m200[39m [90m1541 ms - 14[39m
[35m[HTTP][39m [90m[39m
[35m[HTTP][39m [37m-->[39m [37mPOST[39m [37m/wd/hub/session/fa688015-a40e-4a9b-bcd6-cf56498dad5b/timeouts[39m
[35m[HTTP][39m [90m{"implicit":50}[39m
[35m[HTTP][39m [37m<-- POST /wd/hub/session/fa688015-a40e-4a9b-bcd6-cf56498dad5b/timeouts [39m[32m200[39m [90m3 ms - 14[39m
[35m[HTTP][39m [90m[39m
[35m[HTTP][39m [37m-->[39m [37mGET[39m [37m/wd/hub/session/fa688015-a40e-4a9b-bcd6-cf56498dad5b/window/rect[39m
[35m[HTTP][39m [90m{}[39m
[35m[HTTP][39m [37m<-- GET /wd/hub/session/fa688015-a40e-4a9b-bcd6-cf56498dad5b/window/rect [39m[32m200[39m [90m17 ms - 49[39m
[35m[HTTP][39m [90m[39m
[35m[HTTP][39m [37m-->[39m [37mPOST[39m [37m/wd/hub/session/fa688015-a40e-4a9b-bcd6-cf56498dad5b/elements[39m
[35m[HTTP][39m [90m{"using":"xpath","value":"//*[@class = 'android.widget.EditText' and (@text = 'Enter PIN' or . = 'Enter PIN') and @resource-id = 'com.lenddo.mobile.paylater.staging:id/sign_in_pin']"}[39m
[35m[HTTP][39m [37m<-- POST /wd/hub/session/fa688015-a40e-4a9b-bcd6-cf56498dad5b/elements [39m[32m200[39m [90m363 ms - 139[39m
[35m[HTTP][39m [90m[39m
[35m[HTTP][39m [37m-->[39m [37mGET[39m [37m/wd/hub/session/fa688015-a40e-4a9b-bcd6-cf56498dad5b/element/48beda9c-78cf-4a9d-a09a-9e4b2457ec13/location[39m
[35m[HTTP][39m [90m{}[39m
[35m[W3C (fa688015)][39m Driver proxy active, passing request on via HTTP proxy
[35m[WD Proxy][39m Replacing sessionId 1438c34b-e091-4d34-97fa-348963364b91 with fa688015-a40e-4a9b-bcd6-cf56498dad5b
[35m[HTTP][39m [37m<-- GET /wd/hub/session/fa688015-a40e-4a9b-bcd6-cf56498dad5b/element/48beda9c-78cf-4a9d-a09a-9e4b2457ec13/location [39m[32m200[39m [90m35 ms - 77[39m
[35m[HTTP][39m [90m[39m
[35m[HTTP][39m [37m-->[39m [37mPOST[39m [37m/wd/hub/session/fa688015-a40e-4a9b-bcd6-cf56498dad5b/timeouts[39m
[35m[HTTP][39m [90m{"implicit":30000}[39m
[35m[HTTP][39m [37m<-- POST /wd/hub/session/fa688015-a40e-4a9b-bcd6-cf56498dad5b/timeouts [39m[32m200[39m [90m3 ms - 14[39m
[35m[HTTP][39m [90m[39m
[35m[HTTP][39m [37m-->[39m [37mPOST[39m [37m/wd/hub/session/fa688015-a40e-4a9b-bcd6-cf56498dad5b/touch/perform[39m
[35m[HTTP][39m [90m{"actions":[{"action":"tap","options":{"x":1,"y":1,"element":"48beda9c-78cf-4a9d-a09a-9e4b2457ec13"}},{"action":"release","options":{}}]}[39m
[35m[UiAutomator2][39m calling get location: 48beda9c-78cf-4a9d-a09a-9e4b2457ec13
[35m[HTTP][39m [37m<-- POST /wd/hub/session/fa688015-a40e-4a9b-bcd6-cf56498dad5b/touch/perform [39m[32m200[39m [90m242 ms - 14[39m
[35m[HTTP][39m [90m[39m
[35m[HTTP][39m [37m-->[39m [37mGET[39m [37m/wd/hub/session/fa688015-a40e-4a9b-bcd6-cf56498dad5b/context[39m
[35m[HTTP][39m [90m{}[39m
[35m[HTTP][39m [37m<-- GET /wd/hub/session/fa688015-a40e-4a9b-bcd6-cf56498dad5b/context [39m[32m200[39m [90m2 ms - 22[39m
[35m[HTTP][39m [90m[39m
[35m[HTTP][39m [37m-->[39m [37mGET[39m [37m/wd/hub/session/fa688015-a40e-4a9b-bcd6-cf56498dad5b/contexts[39m
[35m[HTTP][39m [90m{}[39m
[35m[HTTP][39m [37m<-- GET /wd/hub/session/fa688015-a40e-4a9b-bcd6-cf56498dad5b/contexts [39m[32m200[39m [90m145 ms - 24[39m
[35m[HTTP][39m [90m[39m
[35m[HTTP][39m [37m-->[39m [37mPOST[39m [37m/wd/hub/session/fa688015-a40e-4a9b-bcd6-cf56498dad5b/context[39m
[35m[HTTP][39m [90m{"name":"NATIVE_APP"}[39m
[35m[HTTP][39m [37m<-- POST /wd/hub/session/fa688015-a40e-4a9b-bcd6-cf56498dad5b/context [39m[32m200[39m [90m7 ms - 14[39m
[35m[HTTP][39m [90m[39m
[35m[HTTP][39m [37m-->[39m [37mGET[39m [37m/wd/hub/session/fa688015-a40e-4a9b-bcd6-cf56498dad5b/screenshot[39m
[35m[HTTP][39m [90m{}[39m
[35m[HTTP][39m [37m<-- GET /wd/hub/session/fa688015-a40e-4a9b-bcd6-cf56498dad5b/screenshot [39m[32m200[39m [90m680 ms - 99224[39m
[35m[HTTP][39m [90m[39m
[35m[HTTP][39m [37m-->[39m [37mPOST[39m [37m/wd/hub/session/fa688015-a40e-4a9b-bcd6-cf56498dad5b/context[39m
[35m[HTTP][39m [90m{"name":"NATIVE_APP"}[39m
[35m[HTTP][39m [37m<-- POST /wd/hub/session/fa688015-a40e-4a9b-bcd6-cf56498dad5b/context [39m[32m200[39m [90m1 ms - 14[39m
[35m[HTTP][39m [90m[39m
[35m[HTTP][39m [37m-->[39m [37mDELETE[39m [37m/wd/hub/session/fa688015-a40e-4a9b-bcd6-cf56498dad5b[39m
[35m[HTTP][39m [90m{}[39m
[35m[Appium][39m Removing session fa688015-a40e-4a9b-bcd6-cf56498dad5b from our master session list
[35m[ADB][39m com.lenddo.mobile.paylater.staging was successfully uninstalled
[35m[UiAutomator2][39m Restoring hidden api policy to the device default configuration
[35m[HTTP][39m [37m<-- DELETE /wd/hub/session/fa688015-a40e-4a9b-bcd6-cf56498dad5b [39m[32m200[39m [90m2403 ms - 14[39m
[35m[HTTP][39m [90m[39m
